Using pre-set license
Built from '2021.1/staging' branch; Version is '2021.1.12f1 (afcadd793de6) revision 11520733'; Using compiler version '192528614'; Build Type 'Release'
OS: 'Windows 10 Home Single Language; OS build 19044.2006; Version 2009; 64bit' Language: 'pt' Physical Memory: 7637 MB
BatchMode: 1, IsHumanControllingUs: 0, StartBugReporterOnCrash: 0, Is64bit: 1, IsPro: 0

 COMMAND LINE ARGUMENTS:
C:\Program Files\Unity\Hub\Editor\2021.1.12f1\Editor\Unity.exe
-adb2
-batchMode
-noUpm
-name
AssetImportWorker0
-projectPath
C:/Users/luise/Project Boost
-logFile
Logs/AssetImportWorker0.log
-srvPort
50692
Successfully changed project path to: C:/Users/luise/Project Boost
C:/Users/luise/Project Boost
Using Asset Import Pipeline V2.
Refreshing native plugins compatible for Editor in 185.60 ms, found 3 plugins.
Preloading 0 native plugins for Editor in 0.00 ms.
Initialize engine version: 2021.1.12f1 (afcadd793de6)
[Subsystems] Discovering subsystems at path C:/Program Files/Unity/Hub/Editor/2021.1.12f1/Editor/Data/Resources/UnitySubsystems
[Subsystems] Discovering subsystems at path C:/Users/luise/Project Boost/Assets
GfxDevice: creating device client; threaded=0; jobified=0
Direct3D:
    Version:  Direct3D 11.0 [level 11.1]
    Renderer: Radeon 500 Series (ID=0x699f)
    Vendor:   ATI
    VRAM:     2028 MB
    Driver:   30.0.13023.4001
Initialize mono
Mono path[0] = 'C:/Program Files/Unity/Hub/Editor/2021.1.12f1/Editor/Data/Managed'
Mono path[1] = 'C:/Program Files/Unity/Hub/Editor/2021.1.12f1/Editor/Data/MonoBleedingEdge/lib/mono/unityjit'
Mono config path = 'C:/Program Files/Unity/Hub/Editor/2021.1.12f1/Editor/Data/MonoBleedingEdge/etc'
Using monoOptions --debugger-agent=transport=dt_socket,embedding=1,server=y,suspend=n,address=127.0.0.1:56332
Begin MonoManager ReloadAssembly
Registering precompiled unity dll's ...
Register platform support module: C:/Program Files/Unity/Hub/Editor/2021.1.12f1/Editor/Data/PlaybackEngines/WebGLSupport/UnityEditor.WebGL.Extensions.dll
Register platform support module: C:/Program Files/Unity/Hub/Editor/2021.1.12f1/Editor/Data/PlaybackEngines/WindowsStandaloneSupport/UnityEditor.WindowsStandalone.Extensions.dll
Registered in 0.008575 seconds.
Native extension for WindowsStandalone target not found
Native extension for WebGL target not found
Refreshing native plugins compatible for Editor in 185.38 ms, found 3 plugins.
Preloading 0 native plugins for Editor in 0.00 ms.
Mono: successfully reloaded assembly
- Completed reload, in  7.059 seconds
Domain Reload Profiling:
	ReloadAssembly (7060ms)
		BeginReloadAssembly (183ms)
			ExecutionOrderSort (0ms)
			DisableScriptedObjects (0ms)
			BackupInstance (0ms)
			ReleaseScriptingObjects (0ms)
			CreateAndSetChildDomain (2ms)
		EndReloadAssembly (1348ms)
			LoadAssemblies (174ms)
			RebuildTransferFunctionScriptingTraits (0ms)
			SetupTypeCache (486ms)
			ReleaseScriptCaches (0ms)
			RebuildScriptCaches (85ms)
			SetupLoadedEditorAssemblies (647ms)
				LogAssemblyErrors (0ms)
				InitializePlatformSupportModulesInManaged (19ms)
				SetLoadedEditorAssemblies (1ms)
				RefreshPlugins (186ms)
				BeforeProcessingInitializeOnLoad (4ms)
				ProcessInitializeOnLoadAttributes (312ms)
				ProcessInitializeOnLoadMethodAttributes (125ms)
				AfterProcessingInitializeOnLoad (0ms)
				EditorAssembliesLoaded (0ms)
			ExecutionOrderSort2 (0ms)
			AwakeInstancesAfterBackupRestoration (0ms)
Platform modules already initialized, skipping
Registering precompiled user dll's ...
Registered in 0.023543 seconds.
Begin MonoManager ReloadAssembly
Symbol file LoadedFromMemory doesn't match image C:\Users\luise\Project Boost\Library\PackageCache\com.unity.visualscripting@1.6.1\Editor\VisualScripting.Core\Dependencies\YamlDotNet\Unity.VisualScripting.YamlDotNet.dll
Symbol file LoadedFromMemory doesn't match image C:\Users\luise\Project Boost\Library\PackageCache\com.unity.visualscripting@1.6.1\Editor\VisualScripting.Core\Dependencies\DotNetZip\Unity.VisualScripting.IonicZip.dll
Native extension for WindowsStandalone target not found
Native extension for WebGL target not found
Refreshing native plugins compatible for Editor in 1.60 ms, found 3 plugins.
Preloading 0 native plugins for Editor in 0.00 ms.
Mono: successfully reloaded assembly
- Completed reload, in  3.030 seconds
Domain Reload Profiling:
	ReloadAssembly (3032ms)
		BeginReloadAssembly (414ms)
			ExecutionOrderSort (0ms)
			DisableScriptedObjects (13ms)
			BackupInstance (0ms)
			ReleaseScriptingObjects (0ms)
			CreateAndSetChildDomain (52ms)
		EndReloadAssembly (2433ms)
			LoadAssemblies (280ms)
			RebuildTransferFunctionScriptingTraits (0ms)
			SetupTypeCache (898ms)
			ReleaseScriptCaches (1ms)
			RebuildScriptCaches (133ms)
			SetupLoadedEditorAssemblies (866ms)
				LogAssemblyErrors (0ms)
				InitializePlatformSupportModulesInManaged (18ms)
				SetLoadedEditorAssemblies (2ms)
				RefreshPlugins (2ms)
				BeforeProcessingInitializeOnLoad (178ms)
				ProcessInitializeOnLoadAttributes (625ms)
				ProcessInitializeOnLoadMethodAttributes (13ms)
				AfterProcessingInitializeOnLoad (27ms)
				EditorAssembliesLoaded (1ms)
			ExecutionOrderSort2 (0ms)
			AwakeInstancesAfterBackupRestoration (20ms)
Platform modules already initialized, skipping
========================================================================
Worker process is ready to serve import requests
Launched and connected shader compiler UnityShaderCompiler.exe after 0.12 seconds
Refreshing native plugins compatible for Editor in 2.05 ms, found 3 plugins.
Preloading 0 native plugins for Editor in 0.00 ms.
Unloading 2957 Unused Serialized files (Serialized files now loaded: 0)
System memory in use before: 111.0 MB.
System memory in use after: 111.2 MB.

Unloading 23 unused Assets to reduce memory usage. Loaded Objects now: 3405.
Total: 8.227400 ms (FindLiveObjects: 1.497900 ms CreateObjectMapping: 1.142800 ms MarkObjects: 5.370600 ms  DeleteObjects: 0.211800 ms)

AssetImportParameters requested are different than current active one (requested -> active):
  custom:framework-win-MediaFoundation: 216162199b28c13a410421893ffa2e32 -> 
  custom:video-decoder-ogg-theora: a1e56fd34408186e4bbccfd4996cb3dc -> 
  custom:container-muxer-webm: aa71ff27fc2769a1b78a27578f13a17b -> 
  custom:container-demuxer-webm: 4f35f7cbe854078d1ac9338744f61a02 -> 
  custom:container-demuxer-ogg: 62fdf1f143b41e24485cea50d1cbac27 -> 
  custom:video-encoder-webm-vp8: eb34c28f22e8b96e1ab97ce403110664 -> 
  custom:video-decoder-webm-vp8: 9c59270c3fd7afecdb556c50c9e8de78 -> 
  custom:audio-decoder-ogg-vorbis: bf7c407c2cedff20999df2af8eb42d56 -> 
  custom:audio-encoder-webm-vorbis: bf7c407c2cedff20999df2af8eb42d56 -> 
========================================================================
Received Import Request.
  path: Assets/Scenes/Sandbox
  artifactKey: Guid(077cdccd0c7e09943ab07e3909c67e7b) Importer(815301076,1909f56bfc062723c751e8b465ee728b)
Start importing Assets/Scenes/Sandbox using Guid(077cdccd0c7e09943ab07e3909c67e7b) Importer(815301076,1909f56bfc062723c751e8b465ee728b)  -> (artifact id: 'de3b6de65ed8abd00fe8db095b58295f') in 0.025667 seconds 
========================================================================
Received Import Request.
  Time since last request: 0.000665 seconds.
  path: Assets/Scripts/Movement.cs
  artifactKey: Guid(096312f6df95b814b80a9a5fd5dd7715) Importer(815301076,1909f56bfc062723c751e8b465ee728b)
Start importing Assets/Scripts/Movement.cs using Guid(096312f6df95b814b80a9a5fd5dd7715) Importer(815301076,1909f56bfc062723c751e8b465ee728b)  -> (artifact id: '6e56539a44008293336446bfa289b5ea') in 0.177781 seconds 
========================================================================
Received Import Request.
  Time since last request: 0.000732 seconds.
  path: Assets/Scenes/fly_over.unity
  artifactKey: Guid(9fc0d4010bbf28b4594072e72b8655ab) Importer(815301076,1909f56bfc062723c751e8b465ee728b)
Start importing Assets/Scenes/fly_over.unity using Guid(9fc0d4010bbf28b4594072e72b8655ab) Importer(815301076,1909f56bfc062723c751e8b465ee728b)  -> (artifact id: '6d39fb4f3f79e6fba367d632b35176a9') in 0.067356 seconds 
========================================================================
Received Import Request.
  Time since last request: 0.399653 seconds.
  path: Assets/Scripts/Oscillator.cs
  artifactKey: Guid(0f94bd29ce3af22448849861ca943800) Importer(815301076,1909f56bfc062723c751e8b465ee728b)
Start importing Assets/Scripts/Oscillator.cs using Guid(0f94bd29ce3af22448849861ca943800) Importer(815301076,1909f56bfc062723c751e8b465ee728b)  -> (artifact id: '01d2abf717f1bfc3d7e765bd663f93f8') in 0.020196 seconds 
========================================================================
Received Import Request.
  Time since last request: 2545.563642 seconds.
  path: Assets/Scripts/Oscillator.cs
  artifactKey: Guid(0f94bd29ce3af22448849861ca943800) Importer(815301076,1909f56bfc062723c751e8b465ee728b)
Start importing Assets/Scripts/Oscillator.cs using Guid(0f94bd29ce3af22448849861ca943800) Importer(815301076,1909f56bfc062723c751e8b465ee728b)  -> (artifact id: 'f04c6fbd0390e200f95c3856356c129c') in 0.024392 seconds 
========================================================================
Received Prepare
Registering precompiled user dll's ...
Registered in 0.025790 seconds.
Begin MonoManager ReloadAssembly
Symbol file LoadedFromMemory doesn't match image C:\Users\luise\Project Boost\Library\PackageCache\com.unity.visualscripting@1.6.1\Editor\VisualScripting.Core\Dependencies\YamlDotNet\Unity.VisualScripting.YamlDotNet.dll
Symbol file LoadedFromMemory doesn't match image C:\Users\luise\Project Boost\Library\PackageCache\com.unity.visualscripting@1.6.1\Editor\VisualScripting.Core\Dependencies\DotNetZip\Unity.VisualScripting.IonicZip.dll
Native extension for WindowsStandalone target not found
Native extension for WebGL target not found
Refreshing native plugins compatible for Editor in 1.92 ms, found 3 plugins.
Preloading 0 native plugins for Editor in 0.00 ms.
Mono: successfully reloaded assembly
- Completed reload, in  4.355 seconds
Domain Reload Profiling:
	ReloadAssembly (4357ms)
		BeginReloadAssembly (343ms)
			ExecutionOrderSort (0ms)
			DisableScriptedObjects (10ms)
			BackupInstance (0ms)
			ReleaseScriptingObjects (0ms)
			CreateAndSetChildDomain (100ms)
		EndReloadAssembly (3793ms)
			LoadAssemblies (328ms)
			RebuildTransferFunctionScriptingTraits (0ms)
			SetupTypeCache (1161ms)
			ReleaseScriptCaches (3ms)
			RebuildScriptCaches (310ms)
			SetupLoadedEditorAssemblies (1070ms)
				LogAssemblyErrors (0ms)
				InitializePlatformSupportModulesInManaged (22ms)
				SetLoadedEditorAssemblies (3ms)
				RefreshPlugins (2ms)
				BeforeProcessingInitializeOnLoad (197ms)
				ProcessInitializeOnLoadAttributes (730ms)
				ProcessInitializeOnLoadMethodAttributes (27ms)
				AfterProcessingInitializeOnLoad (87ms)
				EditorAssembliesLoaded (1ms)
			ExecutionOrderSort2 (0ms)
			AwakeInstancesAfterBackupRestoration (48ms)
Platform modules already initialized, skipping
Refreshing native plugins compatible for Editor in 1.42 ms, found 3 plugins.
Preloading 0 native plugins for Editor in 0.00 ms.
Unloading 2952 Unused Serialized files (Serialized files now loaded: 0)
System memory in use before: 111.0 MB.
System memory in use after: 111.2 MB.

Unloading 18 unused Assets to reduce memory usage. Loaded Objects now: 3408.
Total: 6.305900 ms (FindLiveObjects: 0.610600 ms CreateObjectMapping: 0.363200 ms MarkObjects: 5.144100 ms  DeleteObjects: 0.184500 ms)

AssetImportParameters requested are different than current active one (requested -> active):
  custom:framework-win-MediaFoundation: 216162199b28c13a410421893ffa2e32 -> 
  custom:video-decoder-ogg-theora: a1e56fd34408186e4bbccfd4996cb3dc -> 
  custom:container-muxer-webm: aa71ff27fc2769a1b78a27578f13a17b -> 
  custom:container-demuxer-webm: 4f35f7cbe854078d1ac9338744f61a02 -> 
  custom:container-demuxer-ogg: 62fdf1f143b41e24485cea50d1cbac27 -> 
  custom:video-encoder-webm-vp8: eb34c28f22e8b96e1ab97ce403110664 -> 
  custom:video-decoder-webm-vp8: 9c59270c3fd7afecdb556c50c9e8de78 -> 
  custom:audio-decoder-ogg-vorbis: bf7c407c2cedff20999df2af8eb42d56 -> 
  custom:audio-encoder-webm-vorbis: bf7c407c2cedff20999df2af8eb42d56 -> 
========================================================================
Received Prepare
Registering precompiled user dll's ...
Registered in 0.019307 seconds.
Begin MonoManager ReloadAssembly
Symbol file LoadedFromMemory doesn't match image C:\Users\luise\Project Boost\Library\PackageCache\com.unity.visualscripting@1.6.1\Editor\VisualScripting.Core\Dependencies\YamlDotNet\Unity.VisualScripting.YamlDotNet.dll
Symbol file LoadedFromMemory doesn't match image C:\Users\luise\Project Boost\Library\PackageCache\com.unity.visualscripting@1.6.1\Editor\VisualScripting.Core\Dependencies\DotNetZip\Unity.VisualScripting.IonicZip.dll
Native extension for WindowsStandalone target not found
Native extension for WebGL target not found
Refreshing native plugins compatible for Editor in 1.36 ms, found 3 plugins.
Preloading 0 native plugins for Editor in 0.00 ms.
Mono: successfully reloaded assembly
- Completed reload, in  3.327 seconds
Domain Reload Profiling:
	ReloadAssembly (3328ms)
		BeginReloadAssembly (515ms)
			ExecutionOrderSort (0ms)
			DisableScriptedObjects (15ms)
			BackupInstance (0ms)
			ReleaseScriptingObjects (0ms)
			CreateAndSetChildDomain (146ms)
		EndReloadAssembly (2617ms)
			LoadAssemblies (455ms)
			RebuildTransferFunctionScriptingTraits (0ms)
			SetupTypeCache (1069ms)
			ReleaseScriptCaches (3ms)
			RebuildScriptCaches (118ms)
			SetupLoadedEditorAssemblies (835ms)
				LogAssemblyErrors (0ms)
				InitializePlatformSupportModulesInManaged (17ms)
				SetLoadedEditorAssemblies (1ms)
				RefreshPlugins (2ms)
				BeforeProcessingInitializeOnLoad (169ms)
				ProcessInitializeOnLoadAttributes (607ms)
				ProcessInitializeOnLoadMethodAttributes (11ms)
				AfterProcessingInitializeOnLoad (29ms)
				EditorAssembliesLoaded (1ms)
			ExecutionOrderSort2 (0ms)
			AwakeInstancesAfterBackupRestoration (18ms)
Platform modules already initialized, skipping
Refreshing native plugins compatible for Editor in 1.62 ms, found 3 plugins.
Preloading 0 native plugins for Editor in 0.00 ms.
Unloading 2952 Unused Serialized files (Serialized files now loaded: 0)
System memory in use before: 111.1 MB.
System memory in use after: 111.3 MB.

Unloading 18 unused Assets to reduce memory usage. Loaded Objects now: 3411.
Total: 8.273100 ms (FindLiveObjects: 0.861900 ms CreateObjectMapping: 0.755100 ms MarkObjects: 6.462400 ms  DeleteObjects: 0.189600 ms)

AssetImportParameters requested are different than current active one (requested -> active):
  custom:framework-win-MediaFoundation: 216162199b28c13a410421893ffa2e32 -> 
  custom:video-decoder-ogg-theora: a1e56fd34408186e4bbccfd4996cb3dc -> 
  custom:container-muxer-webm: aa71ff27fc2769a1b78a27578f13a17b -> 
  custom:container-demuxer-webm: 4f35f7cbe854078d1ac9338744f61a02 -> 
  custom:container-demuxer-ogg: 62fdf1f143b41e24485cea50d1cbac27 -> 
  custom:video-encoder-webm-vp8: eb34c28f22e8b96e1ab97ce403110664 -> 
  custom:video-decoder-webm-vp8: 9c59270c3fd7afecdb556c50c9e8de78 -> 
  custom:audio-decoder-ogg-vorbis: bf7c407c2cedff20999df2af8eb42d56 -> 
  custom:audio-encoder-webm-vorbis: bf7c407c2cedff20999df2af8eb42d56 -> 
========================================================================
Received Prepare
Registering precompiled user dll's ...
Registered in 0.023140 seconds.
Begin MonoManager ReloadAssembly
Symbol file LoadedFromMemory doesn't match image C:\Users\luise\Project Boost\Library\PackageCache\com.unity.visualscripting@1.6.1\Editor\VisualScripting.Core\Dependencies\YamlDotNet\Unity.VisualScripting.YamlDotNet.dll
Symbol file LoadedFromMemory doesn't match image C:\Users\luise\Project Boost\Library\PackageCache\com.unity.visualscripting@1.6.1\Editor\VisualScripting.Core\Dependencies\DotNetZip\Unity.VisualScripting.IonicZip.dll
Native extension for WindowsStandalone target not found
Native extension for WebGL target not found
Refreshing native plugins compatible for Editor in 1.38 ms, found 3 plugins.
Preloading 0 native plugins for Editor in 0.00 ms.
Mono: successfully reloaded assembly
- Completed reload, in  3.289 seconds
Domain Reload Profiling:
	ReloadAssembly (3290ms)
		BeginReloadAssembly (323ms)
			ExecutionOrderSort (0ms)
			DisableScriptedObjects (15ms)
			BackupInstance (0ms)
			ReleaseScriptingObjects (0ms)
			CreateAndSetChildDomain (89ms)
		EndReloadAssembly (2756ms)
			LoadAssemblies (319ms)
			RebuildTransferFunctionScriptingTraits (0ms)
			SetupTypeCache (1124ms)
			ReleaseScriptCaches (3ms)
			RebuildScriptCaches (121ms)
			SetupLoadedEditorAssemblies (898ms)
				LogAssemblyErrors (0ms)
				InitializePlatformSupportModulesInManaged (18ms)
				SetLoadedEditorAssemblies (1ms)
				RefreshPlugins (2ms)
				BeforeProcessingInitializeOnLoad (164ms)
				ProcessInitializeOnLoadAttributes (666ms)
				ProcessInitializeOnLoadMethodAttributes (12ms)
				AfterProcessingInitializeOnLoad (34ms)
				EditorAssembliesLoaded (1ms)
			ExecutionOrderSort2 (0ms)
			AwakeInstancesAfterBackupRestoration (20ms)
Platform modules already initialized, skipping
Refreshing native plugins compatible for Editor in 1.42 ms, found 3 plugins.
Preloading 0 native plugins for Editor in 0.00 ms.
Unloading 2952 Unused Serialized files (Serialized files now loaded: 0)
System memory in use before: 111.1 MB.
System memory in use after: 111.3 MB.

Unloading 18 unused Assets to reduce memory usage. Loaded Objects now: 3414.
Total: 6.167900 ms (FindLiveObjects: 0.669200 ms CreateObjectMapping: 0.355500 ms MarkObjects: 5.004400 ms  DeleteObjects: 0.135900 ms)

AssetImportParameters requested are different than current active one (requested -> active):
  custom:framework-win-MediaFoundation: 216162199b28c13a410421893ffa2e32 -> 
  custom:video-decoder-ogg-theora: a1e56fd34408186e4bbccfd4996cb3dc -> 
  custom:container-muxer-webm: aa71ff27fc2769a1b78a27578f13a17b -> 
  custom:container-demuxer-webm: 4f35f7cbe854078d1ac9338744f61a02 -> 
  custom:container-demuxer-ogg: 62fdf1f143b41e24485cea50d1cbac27 -> 
  custom:video-encoder-webm-vp8: eb34c28f22e8b96e1ab97ce403110664 -> 
  custom:video-decoder-webm-vp8: 9c59270c3fd7afecdb556c50c9e8de78 -> 
  custom:audio-decoder-ogg-vorbis: bf7c407c2cedff20999df2af8eb42d56 -> 
  custom:audio-encoder-webm-vorbis: bf7c407c2cedff20999df2af8eb42d56 -> 
========================================================================
Received Prepare
Registering precompiled user dll's ...
Registered in 0.099705 seconds.
Begin MonoManager ReloadAssembly
Symbol file LoadedFromMemory doesn't match image C:\Users\luise\Project Boost\Library\PackageCache\com.unity.visualscripting@1.6.1\Editor\VisualScripting.Core\Dependencies\YamlDotNet\Unity.VisualScripting.YamlDotNet.dll
Symbol file LoadedFromMemory doesn't match image C:\Users\luise\Project Boost\Library\PackageCache\com.unity.visualscripting@1.6.1\Editor\VisualScripting.Core\Dependencies\DotNetZip\Unity.VisualScripting.IonicZip.dll
Native extension for WindowsStandalone target not found
Native extension for WebGL target not found
Refreshing native plugins compatible for Editor in 1.75 ms, found 3 plugins.
Preloading 0 native plugins for Editor in 0.00 ms.
Mono: successfully reloaded assembly
- Completed reload, in  4.319 seconds
Domain Reload Profiling:
	ReloadAssembly (4320ms)
		BeginReloadAssembly (515ms)
			ExecutionOrderSort (0ms)
			DisableScriptedObjects (14ms)
			BackupInstance (0ms)
			ReleaseScriptingObjects (0ms)
			CreateAndSetChildDomain (212ms)
		EndReloadAssembly (3399ms)
			LoadAssemblies (552ms)
			RebuildTransferFunctionScriptingTraits (0ms)
			SetupTypeCache (1359ms)
			ReleaseScriptCaches (3ms)
			RebuildScriptCaches (139ms)
			SetupLoadedEditorAssemblies (1048ms)
				LogAssemblyErrors (0ms)
				InitializePlatformSupportModulesInManaged (25ms)
				SetLoadedEditorAssemblies (3ms)
				RefreshPlugins (2ms)
				BeforeProcessingInitializeOnLoad (221ms)
				ProcessInitializeOnLoadAttributes (746ms)
				ProcessInitializeOnLoadMethodAttributes (11ms)
				AfterProcessingInitializeOnLoad (38ms)
				EditorAssembliesLoaded (2ms)
			ExecutionOrderSort2 (0ms)
			AwakeInstancesAfterBackupRestoration (25ms)
Platform modules already initialized, skipping
Refreshing native plugins compatible for Editor in 1.90 ms, found 3 plugins.
Preloading 0 native plugins for Editor in 0.00 ms.
Unloading 2952 Unused Serialized files (Serialized files now loaded: 0)
System memory in use before: 111.1 MB.
System memory in use after: 111.3 MB.

Unloading 18 unused Assets to reduce memory usage. Loaded Objects now: 3417.
Total: 11.481200 ms (FindLiveObjects: 0.875200 ms CreateObjectMapping: 0.835300 ms MarkObjects: 9.569900 ms  DeleteObjects: 0.196800 ms)

AssetImportParameters requested are different than current active one (requested -> active):
  custom:framework-win-MediaFoundation: 216162199b28c13a410421893ffa2e32 -> 
  custom:video-decoder-ogg-theora: a1e56fd34408186e4bbccfd4996cb3dc -> 
  custom:container-muxer-webm: aa71ff27fc2769a1b78a27578f13a17b -> 
  custom:container-demuxer-webm: 4f35f7cbe854078d1ac9338744f61a02 -> 
  custom:container-demuxer-ogg: 62fdf1f143b41e24485cea50d1cbac27 -> 
  custom:video-encoder-webm-vp8: eb34c28f22e8b96e1ab97ce403110664 -> 
  custom:video-decoder-webm-vp8: 9c59270c3fd7afecdb556c50c9e8de78 -> 
  custom:audio-decoder-ogg-vorbis: bf7c407c2cedff20999df2af8eb42d56 -> 
  custom:audio-encoder-webm-vorbis: bf7c407c2cedff20999df2af8eb42d56 -> 
========================================================================
Received Prepare
Registering precompiled user dll's ...
Registered in 0.036081 seconds.
Begin MonoManager ReloadAssembly
Symbol file LoadedFromMemory doesn't match image C:\Users\luise\Project Boost\Library\PackageCache\com.unity.visualscripting@1.6.1\Editor\VisualScripting.Core\Dependencies\YamlDotNet\Unity.VisualScripting.YamlDotNet.dll
Symbol file LoadedFromMemory doesn't match image C:\Users\luise\Project Boost\Library\PackageCache\com.unity.visualscripting@1.6.1\Editor\VisualScripting.Core\Dependencies\DotNetZip\Unity.VisualScripting.IonicZip.dll
Native extension for WindowsStandalone target not found
Native extension for WebGL target not found
Refreshing native plugins compatible for Editor in 3.33 ms, found 3 plugins.
Preloading 0 native plugins for Editor in 0.00 ms.
Mono: successfully reloaded assembly
- Completed reload, in  4.222 seconds
Domain Reload Profiling:
	ReloadAssembly (4223ms)
		BeginReloadAssembly (441ms)
			ExecutionOrderSort (0ms)
			DisableScriptedObjects (20ms)
			BackupInstance (0ms)
			ReleaseScriptingObjects (0ms)
			CreateAndSetChildDomain (119ms)
		EndReloadAssembly (3493ms)
			LoadAssemblies (423ms)
			RebuildTransferFunctionScriptingTraits (0ms)
			SetupTypeCache (1317ms)
			ReleaseScriptCaches (4ms)
			RebuildScriptCaches (204ms)
			SetupLoadedEditorAssemblies (1125ms)
				LogAssemblyErrors (0ms)
				InitializePlatformSupportModulesInManaged (18ms)
				SetLoadedEditorAssemblies (3ms)
				RefreshPlugins (4ms)
				BeforeProcessingInitializeOnLoad (201ms)
				ProcessInitializeOnLoadAttributes (844ms)
				ProcessInitializeOnLoadMethodAttributes (14ms)
				AfterProcessingInitializeOnLoad (39ms)
				EditorAssembliesLoaded (2ms)
			ExecutionOrderSort2 (0ms)
			AwakeInstancesAfterBackupRestoration (24ms)
Platform modules already initialized, skipping
Refreshing native plugins compatible for Editor in 1.55 ms, found 3 plugins.
Preloading 0 native plugins for Editor in 0.00 ms.
Unloading 2952 Unused Serialized files (Serialized files now loaded: 0)
System memory in use before: 111.1 MB.
System memory in use after: 111.3 MB.

Unloading 18 unused Assets to reduce memory usage. Loaded Objects now: 3420.
Total: 11.377500 ms (FindLiveObjects: 1.331800 ms CreateObjectMapping: 0.584800 ms MarkObjects: 9.298000 ms  DeleteObjects: 0.157000 ms)

AssetImportParameters requested are different than current active one (requested -> active):
  custom:framework-win-MediaFoundation: 216162199b28c13a410421893ffa2e32 -> 
  custom:video-decoder-ogg-theora: a1e56fd34408186e4bbccfd4996cb3dc -> 
  custom:container-muxer-webm: aa71ff27fc2769a1b78a27578f13a17b -> 
  custom:container-demuxer-webm: 4f35f7cbe854078d1ac9338744f61a02 -> 
  custom:container-demuxer-ogg: 62fdf1f143b41e24485cea50d1cbac27 -> 
  custom:video-encoder-webm-vp8: eb34c28f22e8b96e1ab97ce403110664 -> 
  custom:video-decoder-webm-vp8: 9c59270c3fd7afecdb556c50c9e8de78 -> 
  custom:audio-decoder-ogg-vorbis: bf7c407c2cedff20999df2af8eb42d56 -> 
  custom:audio-encoder-webm-vorbis: bf7c407c2cedff20999df2af8eb42d56 -> 
========================================================================
Received Prepare
Registering precompiled user dll's ...
Registered in 0.024099 seconds.
Begin MonoManager ReloadAssembly
Symbol file LoadedFromMemory doesn't match image C:\Users\luise\Project Boost\Library\PackageCache\com.unity.visualscripting@1.6.1\Editor\VisualScripting.Core\Dependencies\YamlDotNet\Unity.VisualScripting.YamlDotNet.dll
Symbol file LoadedFromMemory doesn't match image C:\Users\luise\Project Boost\Library\PackageCache\com.unity.visualscripting@1.6.1\Editor\VisualScripting.Core\Dependencies\DotNetZip\Unity.VisualScripting.IonicZip.dll
Native extension for WindowsStandalone target not found
Native extension for WebGL target not found
Refreshing native plugins compatible for Editor in 4.52 ms, found 3 plugins.
Preloading 0 native plugins for Editor in 0.00 ms.
Mono: successfully reloaded assembly
- Completed reload, in  3.913 seconds
Domain Reload Profiling:
	ReloadAssembly (3915ms)
		BeginReloadAssembly (460ms)
			ExecutionOrderSort (0ms)
			DisableScriptedObjects (65ms)
			BackupInstance (0ms)
			ReleaseScriptingObjects (0ms)
			CreateAndSetChildDomain (128ms)
		EndReloadAssembly (3215ms)
			LoadAssemblies (375ms)
			RebuildTransferFunctionScriptingTraits (0ms)
			SetupTypeCache (1340ms)
			ReleaseScriptCaches (4ms)
			RebuildScriptCaches (141ms)
			SetupLoadedEditorAssemblies (1037ms)
				LogAssemblyErrors (0ms)
				InitializePlatformSupportModulesInManaged (30ms)
				SetLoadedEditorAssemblies (3ms)
				RefreshPlugins (5ms)
				BeforeProcessingInitializeOnLoad (207ms)
				ProcessInitializeOnLoadAttributes (738ms)
				ProcessInitializeOnLoadMethodAttributes (10ms)
				AfterProcessingInitializeOnLoad (44ms)
				EditorAssembliesLoaded (1ms)
			ExecutionOrderSort2 (0ms)
			AwakeInstancesAfterBackupRestoration (34ms)
Platform modules already initialized, skipping
Refreshing native plugins compatible for Editor in 1.47 ms, found 3 plugins.
Preloading 0 native plugins for Editor in 0.00 ms.
Unloading 2952 Unused Serialized files (Serialized files now loaded: 0)
System memory in use before: 111.1 MB.
System memory in use after: 111.3 MB.

Unloading 18 unused Assets to reduce memory usage. Loaded Objects now: 3423.
Total: 6.681500 ms (FindLiveObjects: 0.930300 ms CreateObjectMapping: 0.460800 ms MarkObjects: 5.139900 ms  DeleteObjects: 0.146400 ms)

AssetImportParameters requested are different than current active one (requested -> active):
  custom:framework-win-MediaFoundation: 216162199b28c13a410421893ffa2e32 -> 
  custom:video-decoder-ogg-theora: a1e56fd34408186e4bbccfd4996cb3dc -> 
  custom:container-muxer-webm: aa71ff27fc2769a1b78a27578f13a17b -> 
  custom:container-demuxer-webm: 4f35f7cbe854078d1ac9338744f61a02 -> 
  custom:container-demuxer-ogg: 62fdf1f143b41e24485cea50d1cbac27 -> 
  custom:video-encoder-webm-vp8: eb34c28f22e8b96e1ab97ce403110664 -> 
  custom:video-decoder-webm-vp8: 9c59270c3fd7afecdb556c50c9e8de78 -> 
  custom:audio-decoder-ogg-vorbis: bf7c407c2cedff20999df2af8eb42d56 -> 
  custom:audio-encoder-webm-vorbis: bf7c407c2cedff20999df2af8eb42d56 -> 
========================================================================
Received Prepare
Registering precompiled user dll's ...
Registered in 0.028955 seconds.
Begin MonoManager ReloadAssembly
Symbol file LoadedFromMemory doesn't match image C:\Users\luise\Project Boost\Library\PackageCache\com.unity.visualscripting@1.6.1\Editor\VisualScripting.Core\Dependencies\YamlDotNet\Unity.VisualScripting.YamlDotNet.dll
Symbol file LoadedFromMemory doesn't match image C:\Users\luise\Project Boost\Library\PackageCache\com.unity.visualscripting@1.6.1\Editor\VisualScripting.Core\Dependencies\DotNetZip\Unity.VisualScripting.IonicZip.dll
Native extension for WindowsStandalone target not found
Native extension for WebGL target not found
Refreshing native plugins compatible for Editor in 1.67 ms, found 3 plugins.
Preloading 0 native plugins for Editor in 0.00 ms.
Mono: successfully reloaded assembly
- Completed reload, in  3.792 seconds
Domain Reload Profiling:
	ReloadAssembly (3793ms)
		BeginReloadAssembly (406ms)
			ExecutionOrderSort (0ms)
			DisableScriptedObjects (9ms)
			BackupInstance (0ms)
			ReleaseScriptingObjects (0ms)
			CreateAndSetChildDomain (111ms)
		EndReloadAssembly (3130ms)
			LoadAssemblies (402ms)
			RebuildTransferFunctionScriptingTraits (0ms)
			SetupTypeCache (1280ms)
			ReleaseScriptCaches (3ms)
			RebuildScriptCaches (152ms)
			SetupLoadedEditorAssemblies (1011ms)
				LogAssemblyErrors (0ms)
				InitializePlatformSupportModulesInManaged (19ms)
				SetLoadedEditorAssemblies (1ms)
				RefreshPlugins (2ms)
				BeforeProcessingInitializeOnLoad (194ms)
				ProcessInitializeOnLoadAttributes (742ms)
				ProcessInitializeOnLoadMethodAttributes (15ms)
				AfterProcessingInitializeOnLoad (38ms)
				EditorAssembliesLoaded (1ms)
			ExecutionOrderSort2 (0ms)
			AwakeInstancesAfterBackupRestoration (27ms)
Platform modules already initialized, skipping
Refreshing native plugins compatible for Editor in 1.70 ms, found 3 plugins.
Preloading 0 native plugins for Editor in 0.00 ms.
Unloading 2952 Unused Serialized files (Serialized files now loaded: 0)
System memory in use before: 111.2 MB.
System memory in use after: 111.4 MB.

Unloading 18 unused Assets to reduce memory usage. Loaded Objects now: 3426.
Total: 9.179300 ms (FindLiveObjects: 0.688000 ms CreateObjectMapping: 0.366700 ms MarkObjects: 7.962600 ms  DeleteObjects: 0.158100 ms)

AssetImportParameters requested are different than current active one (requested -> active):
  custom:framework-win-MediaFoundation: 216162199b28c13a410421893ffa2e32 -> 
  custom:video-decoder-ogg-theora: a1e56fd34408186e4bbccfd4996cb3dc -> 
  custom:container-muxer-webm: aa71ff27fc2769a1b78a27578f13a17b -> 
  custom:container-demuxer-webm: 4f35f7cbe854078d1ac9338744f61a02 -> 
  custom:container-demuxer-ogg: 62fdf1f143b41e24485cea50d1cbac27 -> 
  custom:video-encoder-webm-vp8: eb34c28f22e8b96e1ab97ce403110664 -> 
  custom:video-decoder-webm-vp8: 9c59270c3fd7afecdb556c50c9e8de78 -> 
  custom:audio-decoder-ogg-vorbis: bf7c407c2cedff20999df2af8eb42d56 -> 
  custom:audio-encoder-webm-vorbis: bf7c407c2cedff20999df2af8eb42d56 -> 
========================================================================
Received Import Request.
  Time since last request: 10245.389644 seconds.
  path: Assets/Scenes/fly_over 1.unity
  artifactKey: Guid(0024dbd16f7133041ae2d7c471befc2b) Importer(815301076,1909f56bfc062723c751e8b465ee728b)
Start importing Assets/Scenes/fly_over 1.unity using Guid(0024dbd16f7133041ae2d7c471befc2b) Importer(815301076,1909f56bfc062723c751e8b465ee728b)  -> (artifact id: '19bf13f998ddbdb7d0bbb1d0af3e0c7b') in 0.062635 seconds 
========================================================================
Received Import Request.
  Time since last request: 3.321568 seconds.
  path: Assets/Scenes/fly_under.unity
  artifactKey: Guid(216374408858d7943bce53994e1d7f53) Importer(815301076,1909f56bfc062723c751e8b465ee728b)
Start importing Assets/Scenes/fly_under.unity using Guid(216374408858d7943bce53994e1d7f53) Importer(815301076,1909f56bfc062723c751e8b465ee728b)  -> (artifact id: 'a4c41ecfd247e0eaf75d82ea700b0c05') in 0.027944 seconds 
========================================================================
Received Import Request.
  Time since last request: 23.485727 seconds.
  path: Assets/Scenes/Template.unity
  artifactKey: Guid(0024dbd16f7133041ae2d7c471befc2b) Importer(815301076,1909f56bfc062723c751e8b465ee728b)
Start importing Assets/Scenes/Template.unity using Guid(0024dbd16f7133041ae2d7c471befc2b) Importer(815301076,1909f56bfc062723c751e8b465ee728b)  -> (artifact id: 'fd34632103081c9b05db4f5e72485feb') in 0.042793 seconds 
========================================================================
Received Import Request.
  Time since last request: 2.302197 seconds.
  path: Assets/Scenes/Template 1.unity
  artifactKey: Guid(d7d84c64b9d54fd45a14d1b6bbfd6d9c) Importer(815301076,1909f56bfc062723c751e8b465ee728b)
Start importing Assets/Scenes/Template 1.unity using Guid(d7d84c64b9d54fd45a14d1b6bbfd6d9c) Importer(815301076,1909f56bfc062723c751e8b465ee728b)  -> (artifact id: '70e7b8f4b24c30c5a7aebec17154b5ac') in 0.030839 seconds 
========================================================================
Received Import Request.
  Time since last request: 9.750120 seconds.
  path: Assets/Scenes/fly_gap.unity
  artifactKey: Guid(d7d84c64b9d54fd45a14d1b6bbfd6d9c) Importer(815301076,1909f56bfc062723c751e8b465ee728b)
Start importing Assets/Scenes/fly_gap.unity using Guid(d7d84c64b9d54fd45a14d1b6bbfd6d9c) Importer(815301076,1909f56bfc062723c751e8b465ee728b)  -> (artifact id: 'fdabce32e8b4d0f0d5c293b1abae322a') in 0.030321 seconds 
========================================================================
Received Import Request.
  Time since last request: 143.236998 seconds.
  path: Assets/Scenes/fly_under.unity
  artifactKey: Guid(216374408858d7943bce53994e1d7f53) Importer(815301076,1909f56bfc062723c751e8b465ee728b)
Start importing Assets/Scenes/fly_under.unity using Guid(216374408858d7943bce53994e1d7f53) Importer(815301076,1909f56bfc062723c751e8b465ee728b)  -> (artifact id: 'c24a39057c9aa18713094f4bd468c224') in 0.017622 seconds 
========================================================================
Received Import Request.
  Time since last request: 24.858371 seconds.
  path: Assets/Prefabs/Main Camera.prefab
  artifactKey: Guid(c1efd6137ffec6e46801aa507db9661c) Importer(815301076,1909f56bfc062723c751e8b465ee728b)
Start importing Assets/Prefabs/Main Camera.prefab using Guid(c1efd6137ffec6e46801aa507db9661c) Importer(815301076,1909f56bfc062723c751e8b465ee728b)  -> (artifact id: '36da4b6bab626267b9370e2176ddd6ee') in 0.111948 seconds 
========================================================================
Received Import Request.
  Time since last request: 28.090489 seconds.
  path: Assets/Scenes/fly_over.unity
  artifactKey: Guid(9fc0d4010bbf28b4594072e72b8655ab) Importer(815301076,1909f56bfc062723c751e8b465ee728b)
Start importing Assets/Scenes/fly_over.unity using Guid(9fc0d4010bbf28b4594072e72b8655ab) Importer(815301076,1909f56bfc062723c751e8b465ee728b)  -> (artifact id: '6f8804eb2cd0935db5002fb5b1ec0b45') in 0.026299 seconds 
========================================================================
Received Import Request.
  Time since last request: 2.805148 seconds.
  path: Assets/Scenes/fly_over 1.unity
  artifactKey: Guid(f123a9c7ac5b98b44bb3142b5719ae23) Importer(815301076,1909f56bfc062723c751e8b465ee728b)
Start importing Assets/Scenes/fly_over 1.unity using Guid(f123a9c7ac5b98b44bb3142b5719ae23) Importer(815301076,1909f56bfc062723c751e8b465ee728b)  -> (artifact id: 'a53e43c36ef78696a133c16ed0b9a61a') in 0.019822 seconds 
========================================================================
Received Import Request.
  Time since last request: 4.207274 seconds.
  path: Assets/Scenes/Template.unity
  artifactKey: Guid(f123a9c7ac5b98b44bb3142b5719ae23) Importer(815301076,1909f56bfc062723c751e8b465ee728b)
Start importing Assets/Scenes/Template.unity using Guid(f123a9c7ac5b98b44bb3142b5719ae23) Importer(815301076,1909f56bfc062723c751e8b465ee728b)  -> (artifact id: 'e9facb33cec35e74a140c0371985b718') in 0.025406 seconds 
========================================================================
Received Import Request.
  Time since last request: 394.046128 seconds.
  path: Assets/Materials/Obstacle_rust.mat
  artifactKey: Guid(20adeac2a4352ca4bbfbe4d3cb3616c2) Importer(815301076,1909f56bfc062723c751e8b465ee728b)
Start importing Assets/Materials/Obstacle_rust.mat using Guid(20adeac2a4352ca4bbfbe4d3cb3616c2) Importer(815301076,1909f56bfc062723c751e8b465ee728b)  -> (artifact id: '77884b9dac13f7a8345702e07a583fca') in 0.312810 seconds 
========================================================================
Received Import Request.
  Time since last request: 6.698266 seconds.
  path: Assets/Materials/Obstacle_glow.mat
  artifactKey: Guid(00a349c2e988c7145b3ef738f3e7b13a) Importer(815301076,1909f56bfc062723c751e8b465ee728b)
Start importing Assets/Materials/Obstacle_glow.mat using Guid(00a349c2e988c7145b3ef738f3e7b13a) Importer(815301076,1909f56bfc062723c751e8b465ee728b)  -> (artifact id: '76b9428f485b48eb6adb881f96c226ed') in 0.054423 seconds 
========================================================================
Received Import Request.
  Time since last request: 12.183733 seconds.
  path: Assets/Materials/New Material.mat
  artifactKey: Guid(3608d39fea917ad4b95274f38998b624) Importer(815301076,1909f56bfc062723c751e8b465ee728b)
Start importing Assets/Materials/New Material.mat using Guid(3608d39fea917ad4b95274f38998b624) Importer(815301076,1909f56bfc062723c751e8b465ee728b)  -> (artifact id: 'e390cd47236f5014d923503569869e67') in 0.089408 seconds 
========================================================================
Received Import Request.
  Time since last request: 188.435041 seconds.
  path: Assets/Materials/New Material.mat
  artifactKey: Guid(3608d39fea917ad4b95274f38998b624) Importer(815301076,1909f56bfc062723c751e8b465ee728b)
Start importing Assets/Materials/New Material.mat using Guid(3608d39fea917ad4b95274f38998b624) Importer(815301076,1909f56bfc062723c751e8b465ee728b)  -> (artifact id: 'c5632352cddaca101e085d203cf546e8') in 0.059178 seconds 
========================================================================
Received Prepare
Registering precompiled user dll's ...
Registered in 0.361916 seconds.
Begin MonoManager ReloadAssembly
Symbol file LoadedFromMemory doesn't match image C:\Users\luise\Project Boost\Library\PackageCache\com.unity.visualscripting@1.6.1\Editor\VisualScripting.Core\Dependencies\YamlDotNet\Unity.VisualScripting.YamlDotNet.dll
Symbol file LoadedFromMemory doesn't match image C:\Users\luise\Project Boost\Library\PackageCache\com.unity.visualscripting@1.6.1\Editor\VisualScripting.Core\Dependencies\DotNetZip\Unity.VisualScripting.IonicZip.dll
Native extension for WindowsStandalone target not found
Native extension for WebGL target not found
Refreshing native plugins compatible for Editor in 1.97 ms, found 3 plugins.
Preloading 0 native plugins for Editor in 0.00 ms.
Mono: successfully reloaded assembly
- Completed reload, in 10.981 seconds
Domain Reload Profiling:
	ReloadAssembly (10985ms)
		BeginReloadAssembly (1075ms)
			ExecutionOrderSort (0ms)
			DisableScriptedObjects (24ms)
			BackupInstance (0ms)
			ReleaseScriptingObjects (0ms)
			CreateAndSetChildDomain (451ms)
		EndReloadAssembly (9427ms)
			LoadAssemblies (909ms)
			RebuildTransferFunctionScriptingTraits (0ms)
			SetupTypeCache (2809ms)
			ReleaseScriptCaches (4ms)
			RebuildScriptCaches (393ms)
			SetupLoadedEditorAssemblies (4153ms)
				LogAssemblyErrors (0ms)
				InitializePlatformSupportModulesInManaged (68ms)
				SetLoadedEditorAssemblies (4ms)
				RefreshPlugins (2ms)
				BeforeProcessingInitializeOnLoad (247ms)
				ProcessInitializeOnLoadAttributes (3674ms)
				ProcessInitializeOnLoadMethodAttributes (55ms)
				AfterProcessingInitializeOnLoad (98ms)
				EditorAssembliesLoaded (6ms)
			ExecutionOrderSort2 (0ms)
			AwakeInstancesAfterBackupRestoration (126ms)
Platform modules already initialized, skipping
Refreshing native plugins compatible for Editor in 1.71 ms, found 3 plugins.
Preloading 0 native plugins for Editor in 0.00 ms.
Unloading 2952 Unused Serialized files (Serialized files now loaded: 0)
System memory in use before: 115.1 MB.
System memory in use after: 115.3 MB.

Unloading 18 unused Assets to reduce memory usage. Loaded Objects now: 3469.
Total: 6.385200 ms (FindLiveObjects: 0.691300 ms CreateObjectMapping: 0.395200 ms MarkObjects: 4.998200 ms  DeleteObjects: 0.297100 ms)

AssetImportParameters requested are different than current active one (requested -> active):
  custom:framework-win-MediaFoundation: 216162199b28c13a410421893ffa2e32 -> 
  custom:video-decoder-ogg-theora: a1e56fd34408186e4bbccfd4996cb3dc -> 
  custom:container-muxer-webm: aa71ff27fc2769a1b78a27578f13a17b -> 
  custom:container-demuxer-webm: 4f35f7cbe854078d1ac9338744f61a02 -> 
  custom:container-demuxer-ogg: 62fdf1f143b41e24485cea50d1cbac27 -> 
  custom:video-encoder-webm-vp8: eb34c28f22e8b96e1ab97ce403110664 -> 
  custom:video-decoder-webm-vp8: 9c59270c3fd7afecdb556c50c9e8de78 -> 
  custom:audio-decoder-ogg-vorbis: bf7c407c2cedff20999df2af8eb42d56 -> 
  custom:audio-encoder-webm-vorbis: bf7c407c2cedff20999df2af8eb42d56 -> 
========================================================================
Received Import Request.
  Time since last request: 2530.268328 seconds.
  path: Assets/Materials/New Material 1.mat
  artifactKey: Guid(780311e51eeedc044a48bca7dfa7df74) Importer(815301076,1909f56bfc062723c751e8b465ee728b)
Start importing Assets/Materials/New Material 1.mat using Guid(780311e51eeedc044a48bca7dfa7df74) Importer(815301076,1909f56bfc062723c751e8b465ee728b)  -> (artifact id: 'f5bcb8402d879202fcfe6483bc1f5273') in 0.211287 seconds 
========================================================================
Received Import Request.
  Time since last request: 0.000521 seconds.
  path: Assets/Materials/New Material.mat
  artifactKey: Guid(3608d39fea917ad4b95274f38998b624) Importer(815301076,1909f56bfc062723c751e8b465ee728b)
Start importing Assets/Materials/New Material.mat using Guid(3608d39fea917ad4b95274f38998b624) Importer(815301076,1909f56bfc062723c751e8b465ee728b)  -> (artifact id: '44b25b65529b1ee78aef595b4de0d838') in 0.065056 seconds 
========================================================================
Received Prepare
Registering precompiled user dll's ...
Registered in 0.017569 seconds.
Begin MonoManager ReloadAssembly
Symbol file LoadedFromMemory doesn't match image C:\Users\luise\Project Boost\Library\PackageCache\com.unity.visualscripting@1.6.1\Editor\VisualScripting.Core\Dependencies\YamlDotNet\Unity.VisualScripting.YamlDotNet.dll
Symbol file LoadedFromMemory doesn't match image C:\Users\luise\Project Boost\Library\PackageCache\com.unity.visualscripting@1.6.1\Editor\VisualScripting.Core\Dependencies\DotNetZip\Unity.VisualScripting.IonicZip.dll
Native extension for WindowsStandalone target not found
Native extension for WebGL target not found
Refreshing native plugins compatible for Editor in 1.50 ms, found 3 plugins.
Preloading 0 native plugins for Editor in 0.00 ms.
Mono: successfully reloaded assembly
- Completed reload, in  2.898 seconds
Domain Reload Profiling:
	ReloadAssembly (2899ms)
		BeginReloadAssembly (302ms)
			ExecutionOrderSort (0ms)
			DisableScriptedObjects (12ms)
			BackupInstance (0ms)
			ReleaseScriptingObjects (0ms)
			CreateAndSetChildDomain (89ms)
		EndReloadAssembly (2419ms)
			LoadAssemblies (274ms)
			RebuildTransferFunctionScriptingTraits (0ms)
			SetupTypeCache (960ms)
			ReleaseScriptCaches (3ms)
			RebuildScriptCaches (117ms)
			SetupLoadedEditorAssemblies (818ms)
				LogAssemblyErrors (0ms)
				InitializePlatformSupportModulesInManaged (17ms)
				SetLoadedEditorAssemblies (1ms)
				RefreshPlugins (2ms)
				BeforeProcessingInitializeOnLoad (138ms)
				ProcessInitializeOnLoadAttributes (622ms)
				ProcessInitializeOnLoadMethodAttributes (14ms)
				AfterProcessingInitializeOnLoad (25ms)
				EditorAssembliesLoaded (1ms)
			ExecutionOrderSort2 (0ms)
			AwakeInstancesAfterBackupRestoration (18ms)
Platform modules already initialized, skipping
Refreshing native plugins compatible for Editor in 2.26 ms, found 3 plugins.
Preloading 0 native plugins for Editor in 0.00 ms.
Unloading 2952 Unused Serialized files (Serialized files now loaded: 0)
System memory in use before: 115.1 MB.
System memory in use after: 115.3 MB.

Unloading 18 unused Assets to reduce memory usage. Loaded Objects now: 3473.
Total: 10.458400 ms (FindLiveObjects: 0.789600 ms CreateObjectMapping: 2.050600 ms MarkObjects: 7.475900 ms  DeleteObjects: 0.138400 ms)

AssetImportParameters requested are different than current active one (requested -> active):
  custom:framework-win-MediaFoundation: 216162199b28c13a410421893ffa2e32 -> 
  custom:video-decoder-ogg-theora: a1e56fd34408186e4bbccfd4996cb3dc -> 
  custom:container-muxer-webm: aa71ff27fc2769a1b78a27578f13a17b -> 
  custom:container-demuxer-webm: 4f35f7cbe854078d1ac9338744f61a02 -> 
  custom:container-demuxer-ogg: 62fdf1f143b41e24485cea50d1cbac27 -> 
  custom:video-encoder-webm-vp8: eb34c28f22e8b96e1ab97ce403110664 -> 
  custom:video-decoder-webm-vp8: 9c59270c3fd7afecdb556c50c9e8de78 -> 
  custom:audio-decoder-ogg-vorbis: bf7c407c2cedff20999df2af8eb42d56 -> 
  custom:audio-encoder-webm-vorbis: bf7c407c2cedff20999df2af8eb42d56 -> 
========================================================================
Received Import Request.
  Time since last request: 18.148813 seconds.
  path: Assets/Scenes/fly_under.unity
  artifactKey: Guid(216374408858d7943bce53994e1d7f53) Importer(815301076,1909f56bfc062723c751e8b465ee728b)
Start importing Assets/Scenes/fly_under.unity using Guid(216374408858d7943bce53994e1d7f53) Importer(815301076,1909f56bfc062723c751e8b465ee728b)  -> (artifact id: '0244cafa245ade397d2604c918b43dd0') in 0.041828 seconds 
========================================================================
Received Import Request.
  Time since last request: 471.090582 seconds.
  path: Assets/Materials/obstacle_glow_rock.mat
  artifactKey: Guid(780311e51eeedc044a48bca7dfa7df74) Importer(815301076,1909f56bfc062723c751e8b465ee728b)
Start importing Assets/Materials/obstacle_glow_rock.mat using Guid(780311e51eeedc044a48bca7dfa7df74) Importer(815301076,1909f56bfc062723c751e8b465ee728b)  -> (artifact id: '86066dc967f9451f54af91b059df0d26') in 0.146232 seconds 
========================================================================
Received Import Request.
  Time since last request: 11.952213 seconds.
  path: Assets/Materials/obstacle_glow_grass.mat
  artifactKey: Guid(3608d39fea917ad4b95274f38998b624) Importer(815301076,1909f56bfc062723c751e8b465ee728b)
Start importing Assets/Materials/obstacle_glow_grass.mat using Guid(3608d39fea917ad4b95274f38998b624) Importer(815301076,1909f56bfc062723c751e8b465ee728b)  -> (artifact id: '6d81db363d7c33ec1c48020cbdecb87d') in 0.056648 seconds 
========================================================================
Received Import Request.
  Time since last request: 4.518113 seconds.
  path: Assets/Materials/Landing Pad.mat
  artifactKey: Guid(e2570353108bbbf489ab64ed045d52c2) Importer(815301076,1909f56bfc062723c751e8b465ee728b)
Start importing Assets/Materials/Landing Pad.mat using Guid(e2570353108bbbf489ab64ed045d52c2) Importer(815301076,1909f56bfc062723c751e8b465ee728b)  -> (artifact id: '07b928ed2eb3a1320f76a58c326b5e5f') in 0.049134 seconds 
========================================================================
Received Import Request.
  Time since last request: 9.411229 seconds.
  path: Assets/Materials/obstacle_rock 1.mat
  artifactKey: Guid(79b2cee527de96f44a73bc659538ff30) Importer(815301076,1909f56bfc062723c751e8b465ee728b)
Start importing Assets/Materials/obstacle_rock 1.mat using Guid(79b2cee527de96f44a73bc659538ff30) Importer(815301076,1909f56bfc062723c751e8b465ee728b)  -> (artifact id: 'b5091ba36e5fed56464595093f3ea5e7') in 0.053887 seconds 
========================================================================
Received Import Request.
  Time since last request: 1148.649443 seconds.
  path: Assets/Materials/obstacle_rock 1.mat
  artifactKey: Guid(79b2cee527de96f44a73bc659538ff30) Importer(815301076,1909f56bfc062723c751e8b465ee728b)
Start importing Assets/Materials/obstacle_rock 1.mat using Guid(79b2cee527de96f44a73bc659538ff30) Importer(815301076,1909f56bfc062723c751e8b465ee728b)  -> (artifact id: '5ca55d2e0621eb4be8716c324746821d') in 0.129937 seconds 
========================================================================
Received Import Request.
  Time since last request: 65068.184339 seconds.
  path: Assets/Materials/obstacle_glow_rock.mat
  artifactKey: Guid(780311e51eeedc044a48bca7dfa7df74) Importer(815301076,1909f56bfc062723c751e8b465ee728b)
Start importing Assets/Materials/obstacle_glow_rock.mat using Guid(780311e51eeedc044a48bca7dfa7df74) Importer(815301076,1909f56bfc062723c751e8b465ee728b)  -> (artifact id: '29c1d9ce28b1c4af7d966831c07cf8bd') in 0.150685 seconds 
========================================================================
Received Import Request.
  Time since last request: 12.392733 seconds.
  path: Assets/Materials/WEAK_obstacle_glow_rock 1.mat
  artifactKey: Guid(e765d6631222b7444a64795001d87803) Importer(815301076,1909f56bfc062723c751e8b465ee728b)
Start importing Assets/Materials/WEAK_obstacle_glow_rock 1.mat using Guid(e765d6631222b7444a64795001d87803) Importer(815301076,1909f56bfc062723c751e8b465ee728b)  -> (artifact id: 'a053666ab25147ee9cec2a82039d9104') in 0.065284 seconds 
========================================================================
Received Prepare
Registering precompiled user dll's ...
Registered in 0.370087 seconds.
Begin MonoManager ReloadAssembly
Symbol file LoadedFromMemory doesn't match image C:\Users\luise\Project Boost\Library\PackageCache\com.unity.visualscripting@1.6.1\Editor\VisualScripting.Core\Dependencies\YamlDotNet\Unity.VisualScripting.YamlDotNet.dll
Symbol file LoadedFromMemory doesn't match image C:\Users\luise\Project Boost\Library\PackageCache\com.unity.visualscripting@1.6.1\Editor\VisualScripting.Core\Dependencies\DotNetZip\Unity.VisualScripting.IonicZip.dll
Native extension for WindowsStandalone target not found
Native extension for WebGL target not found
Refreshing native plugins compatible for Editor in 2.65 ms, found 3 plugins.
Preloading 0 native plugins for Editor in 0.00 ms.
Mono: successfully reloaded assembly
- Completed reload, in  6.227 seconds
Domain Reload Profiling:
	ReloadAssembly (6228ms)
		BeginReloadAssembly (328ms)
			ExecutionOrderSort (0ms)
			DisableScriptedObjects (17ms)
			BackupInstance (0ms)
			ReleaseScriptingObjects (0ms)
			CreateAndSetChildDomain (91ms)
		EndReloadAssembly (5724ms)
			LoadAssemblies (333ms)
			RebuildTransferFunctionScriptingTraits (0ms)
			SetupTypeCache (1674ms)
			ReleaseScriptCaches (6ms)
			RebuildScriptCaches (312ms)
			SetupLoadedEditorAssemblies (2580ms)
				LogAssemblyErrors (0ms)
				InitializePlatformSupportModulesInManaged (42ms)
				SetLoadedEditorAssemblies (3ms)
				RefreshPlugins (3ms)
				BeforeProcessingInitializeOnLoad (390ms)
				ProcessInitializeOnLoadAttributes (2108ms)
				ProcessInitializeOnLoadMethodAttributes (11ms)
				AfterProcessingInitializeOnLoad (22ms)
				EditorAssembliesLoaded (1ms)
			ExecutionOrderSort2 (0ms)
			AwakeInstancesAfterBackupRestoration (18ms)
Platform modules already initialized, skipping
Refreshing native plugins compatible for Editor in 4.81 ms, found 3 plugins.
Preloading 0 native plugins for Editor in 0.00 ms.
Unloading 2952 Unused Serialized files (Serialized files now loaded: 0)
System memory in use before: 115.1 MB.
System memory in use after: 115.3 MB.

Unloading 18 unused Assets to reduce memory usage. Loaded Objects now: 3477.
Total: 12.836200 ms (FindLiveObjects: 3.959000 ms CreateObjectMapping: 1.053200 ms MarkObjects: 7.473200 ms  DeleteObjects: 0.345600 ms)

AssetImportParameters requested are different than current active one (requested -> active):
  custom:framework-win-MediaFoundation: 216162199b28c13a410421893ffa2e32 -> 
  custom:video-decoder-ogg-theora: a1e56fd34408186e4bbccfd4996cb3dc -> 
  custom:container-muxer-webm: aa71ff27fc2769a1b78a27578f13a17b -> 
  custom:container-demuxer-webm: 4f35f7cbe854078d1ac9338744f61a02 -> 
  custom:container-demuxer-ogg: 62fdf1f143b41e24485cea50d1cbac27 -> 
  custom:video-encoder-webm-vp8: eb34c28f22e8b96e1ab97ce403110664 -> 
  custom:video-decoder-webm-vp8: 9c59270c3fd7afecdb556c50c9e8de78 -> 
  custom:audio-decoder-ogg-vorbis: bf7c407c2cedff20999df2af8eb42d56 -> 
  custom:audio-encoder-webm-vorbis: bf7c407c2cedff20999df2af8eb42d56 -> 
========================================================================
Received Import Request.
  Time since last request: 367.691035 seconds.
  path: Assets/Materials/WEAK_obstacle_glow_rock 1.mat
  artifactKey: Guid(e765d6631222b7444a64795001d87803) Importer(815301076,1909f56bfc062723c751e8b465ee728b)
Start importing Assets/Materials/WEAK_obstacle_glow_rock 1.mat using Guid(e765d6631222b7444a64795001d87803) Importer(815301076,1909f56bfc062723c751e8b465ee728b)  -> (artifact id: '7757054edae87c8b863afd5615d05b8f') in 0.456427 seconds 
========================================================================
Received Prepare
Registering precompiled user dll's ...
Registered in 0.019670 seconds.
Begin MonoManager ReloadAssembly
Symbol file LoadedFromMemory doesn't match image C:\Users\luise\Project Boost\Library\PackageCache\com.unity.visualscripting@1.6.1\Editor\VisualScripting.Core\Dependencies\YamlDotNet\Unity.VisualScripting.YamlDotNet.dll
Symbol file LoadedFromMemory doesn't match image C:\Users\luise\Project Boost\Library\PackageCache\com.unity.visualscripting@1.6.1\Editor\VisualScripting.Core\Dependencies\DotNetZip\Unity.VisualScripting.IonicZip.dll
Native extension for WindowsStandalone target not found
Native extension for WebGL target not found
Refreshing native plugins compatible for Editor in 1.45 ms, found 3 plugins.
Preloading 0 native plugins for Editor in 0.00 ms.
Mono: successfully reloaded assembly
- Completed reload, in  2.551 seconds
Domain Reload Profiling:
	ReloadAssembly (2552ms)
		BeginReloadAssembly (282ms)
			ExecutionOrderSort (0ms)
			DisableScriptedObjects (9ms)
			BackupInstance (0ms)
			ReleaseScriptingObjects (0ms)
			CreateAndSetChildDomain (91ms)
		EndReloadAssembly (2094ms)
			LoadAssemblies (283ms)
			RebuildTransferFunctionScriptingTraits (0ms)
			SetupTypeCache (842ms)
			ReleaseScriptCaches (2ms)
			RebuildScriptCaches (93ms)
			SetupLoadedEditorAssemblies (666ms)
				LogAssemblyErrors (0ms)
				InitializePlatformSupportModulesInManaged (16ms)
				SetLoadedEditorAssemblies (1ms)
				RefreshPlugins (2ms)
				BeforeProcessingInitializeOnLoad (130ms)
				ProcessInitializeOnLoadAttributes (488ms)
				ProcessInitializeOnLoadMethodAttributes (8ms)
				AfterProcessingInitializeOnLoad (21ms)
				EditorAssembliesLoaded (1ms)
			ExecutionOrderSort2 (0ms)
			AwakeInstancesAfterBackupRestoration (18ms)
Platform modules already initialized, skipping
Refreshing native plugins compatible for Editor in 1.45 ms, found 3 plugins.
Preloading 0 native plugins for Editor in 0.00 ms.
Unloading 2952 Unused Serialized files (Serialized files now loaded: 0)
System memory in use before: 115.1 MB.
System memory in use after: 115.3 MB.

Unloading 18 unused Assets to reduce memory usage. Loaded Objects now: 3481.
Total: 5.759000 ms (FindLiveObjects: 0.633900 ms CreateObjectMapping: 0.356000 ms MarkObjects: 4.625500 ms  DeleteObjects: 0.140200 ms)

AssetImportParameters requested are different than current active one (requested -> active):
  custom:framework-win-MediaFoundation: 216162199b28c13a410421893ffa2e32 -> 
  custom:video-decoder-ogg-theora: a1e56fd34408186e4bbccfd4996cb3dc -> 
  custom:container-muxer-webm: aa71ff27fc2769a1b78a27578f13a17b -> 
  custom:container-demuxer-webm: 4f35f7cbe854078d1ac9338744f61a02 -> 
  custom:container-demuxer-ogg: 62fdf1f143b41e24485cea50d1cbac27 -> 
  custom:video-encoder-webm-vp8: eb34c28f22e8b96e1ab97ce403110664 -> 
  custom:video-decoder-webm-vp8: 9c59270c3fd7afecdb556c50c9e8de78 -> 
  custom:audio-decoder-ogg-vorbis: bf7c407c2cedff20999df2af8eb42d56 -> 
  custom:audio-encoder-webm-vorbis: bf7c407c2cedff20999df2af8eb42d56 -> 
========================================================================
Received Import Request.
  Time since last request: 818.378562 seconds.
  path: Assets/Scenes/Template 1.unity
  artifactKey: Guid(7af81f08a2ff6bb46b924b33319b209d) Importer(815301076,1909f56bfc062723c751e8b465ee728b)
Start importing Assets/Scenes/Template 1.unity using Guid(7af81f08a2ff6bb46b924b33319b209d) Importer(815301076,1909f56bfc062723c751e8b465ee728b)  -> (artifact id: '42db371cb9ed65a084440e04283679f1') in 0.051548 seconds 
========================================================================
Received Import Request.
  Time since last request: 781.301364 seconds.
  path: Assets/Materials/New Material.mat
  artifactKey: Guid(e3a6ddca629512147af9c82c551192fa) Importer(815301076,1909f56bfc062723c751e8b465ee728b)
Start importing Assets/Materials/New Material.mat using Guid(e3a6ddca629512147af9c82c551192fa) Importer(815301076,1909f56bfc062723c751e8b465ee728b)  -> (artifact id: '9e49eb16d83966c7d7569bdcf6581f5f') in 0.298441 seconds 
========================================================================
Received Import Request.
  Time since last request: 50.621962 seconds.
  path: Assets/Materials/obstacle_tree.mat
  artifactKey: Guid(e3a6ddca629512147af9c82c551192fa) Importer(815301076,1909f56bfc062723c751e8b465ee728b)
Start importing Assets/Materials/obstacle_tree.mat using Guid(e3a6ddca629512147af9c82c551192fa) Importer(815301076,1909f56bfc062723c751e8b465ee728b)  -> (artifact id: 'c9a354669e7fb488edae9a2d02ba6a3a') in 0.057366 seconds 
========================================================================
Received Import Request.
  Time since last request: 1722.531772 seconds.
  path: Assets/Materials/obstacle_tree.mat
  artifactKey: Guid(e3a6ddca629512147af9c82c551192fa) Importer(815301076,1909f56bfc062723c751e8b465ee728b)
Start importing Assets/Materials/obstacle_tree.mat using Guid(e3a6ddca629512147af9c82c551192fa) Importer(815301076,1909f56bfc062723c751e8b465ee728b)  -> (artifact id: '06c93cfdd43e46d32e042b7569c3b4b1') in 0.097377 seconds 
========================================================================
Received Import Request.
  Time since last request: 10.023429 seconds.
  path: Assets/Materials/obstacle_leaves.mat
  artifactKey: Guid(2c445ac57a506e149b730030d26605d5) Importer(815301076,1909f56bfc062723c751e8b465ee728b)
Start importing Assets/Materials/obstacle_leaves.mat using Guid(2c445ac57a506e149b730030d26605d5) Importer(815301076,1909f56bfc062723c751e8b465ee728b)  -> (artifact id: '9edd9cb21b057cd18d840ced15f0a51d') in 0.059566 seconds 
========================================================================
Received Import Request.
  Time since last request: 75.701031 seconds.
  path: Assets/Materials/obstacle_leaves.mat
  artifactKey: Guid(2c445ac57a506e149b730030d26605d5) Importer(815301076,1909f56bfc062723c751e8b465ee728b)
Start importing Assets/Materials/obstacle_leaves.mat using Guid(2c445ac57a506e149b730030d26605d5) Importer(815301076,1909f56bfc062723c751e8b465ee728b)  -> (artifact id: 'e622b0914060e440356e3c0a8611b4ec') in 0.064747 seconds 
========================================================================
Received Import Request.
  Time since last request: 1845.236384 seconds.
  path: Assets/Materials/Obstacle_glow 1.mat
  artifactKey: Guid(85aba88b1da9cc84ea0521d65dbe3488) Importer(815301076,1909f56bfc062723c751e8b465ee728b)
Start importing Assets/Materials/Obstacle_glow 1.mat using Guid(85aba88b1da9cc84ea0521d65dbe3488) Importer(815301076,1909f56bfc062723c751e8b465ee728b)  -> (artifact id: '513ca9813a24d511e728670a71973f8f') in 0.100705 seconds 
========================================================================
Received Import Request.
  Time since last request: 575.062718 seconds.
  path: Assets/Prefabs/Ghost.prefab
  artifactKey: Guid(d9490224efa56ae4c8e3fb0e9b04a6d0) Importer(815301076,1909f56bfc062723c751e8b465ee728b)
Start importing Assets/Prefabs/Ghost.prefab using Guid(d9490224efa56ae4c8e3fb0e9b04a6d0) Importer(815301076,1909f56bfc062723c751e8b465ee728b)  -> (artifact id: '8143ec627e382b312cbc4d8311350a62') in 0.132536 seconds 
========================================================================
Received Import Request.
  Time since last request: 25.808564 seconds.
  path: Assets/Prefabs/Ghost.prefab
  artifactKey: Guid(d9490224efa56ae4c8e3fb0e9b04a6d0) Importer(815301076,1909f56bfc062723c751e8b465ee728b)
Start importing Assets/Prefabs/Ghost.prefab using Guid(d9490224efa56ae4c8e3fb0e9b04a6d0) Importer(815301076,1909f56bfc062723c751e8b465ee728b)  -> (artifact id: '5efe99b912ee3f33c73df15ab9073a37') in 0.052824 seconds 
========================================================================
Received Prepare
Registering precompiled user dll's ...
Registered in 0.475536 seconds.
Begin MonoManager ReloadAssembly
Symbol file LoadedFromMemory doesn't match image C:\Users\luise\Project Boost\Library\PackageCache\com.unity.visualscripting@1.6.1\Editor\VisualScripting.Core\Dependencies\YamlDotNet\Unity.VisualScripting.YamlDotNet.dll
Symbol file LoadedFromMemory doesn't match image C:\Users\luise\Project Boost\Library\PackageCache\com.unity.visualscripting@1.6.1\Editor\VisualScripting.Core\Dependencies\DotNetZip\Unity.VisualScripting.IonicZip.dll
Native extension for WindowsStandalone target not found
Native extension for WebGL target not found
Refreshing native plugins compatible for Editor in 1.37 ms, found 3 plugins.
Preloading 0 native plugins for Editor in 0.00 ms.
Mono: successfully reloaded assembly
- Completed reload, in  3.053 seconds
Domain Reload Profiling:
	ReloadAssembly (3054ms)
		BeginReloadAssembly (315ms)
			ExecutionOrderSort (0ms)
			DisableScriptedObjects (8ms)
			BackupInstance (0ms)
			ReleaseScriptingObjects (0ms)
			CreateAndSetChildDomain (99ms)
		EndReloadAssembly (2563ms)
			LoadAssemblies (274ms)
			RebuildTransferFunctionScriptingTraits (0ms)
			SetupTypeCache (885ms)
			ReleaseScriptCaches (3ms)
			RebuildScriptCaches (91ms)
			SetupLoadedEditorAssemblies (1088ms)
				LogAssemblyErrors (0ms)
				InitializePlatformSupportModulesInManaged (16ms)
				SetLoadedEditorAssemblies (1ms)
				RefreshPlugins (2ms)
				BeforeProcessingInitializeOnLoad (127ms)
				ProcessInitializeOnLoadAttributes (905ms)
				ProcessInitializeOnLoadMethodAttributes (11ms)
				AfterProcessingInitializeOnLoad (26ms)
				EditorAssembliesLoaded (1ms)
			ExecutionOrderSort2 (0ms)
			AwakeInstancesAfterBackupRestoration (17ms)
Platform modules already initialized, skipping
Refreshing native plugins compatible for Editor in 1.69 ms, found 3 plugins.
Preloading 0 native plugins for Editor in 0.00 ms.
Unloading 2952 Unused Serialized files (Serialized files now loaded: 0)
System memory in use before: 115.2 MB.
System memory in use after: 115.4 MB.

Unloading 18 unused Assets to reduce memory usage. Loaded Objects now: 3486.
Total: 7.532100 ms (FindLiveObjects: 0.652500 ms CreateObjectMapping: 0.447500 ms MarkObjects: 6.281000 ms  DeleteObjects: 0.147000 ms)

AssetImportParameters requested are different than current active one (requested -> active):
  custom:framework-win-MediaFoundation: 216162199b28c13a410421893ffa2e32 -> 
  custom:video-decoder-ogg-theora: a1e56fd34408186e4bbccfd4996cb3dc -> 
  custom:container-muxer-webm: aa71ff27fc2769a1b78a27578f13a17b -> 
  custom:container-demuxer-webm: 4f35f7cbe854078d1ac9338744f61a02 -> 
  custom:container-demuxer-ogg: 62fdf1f143b41e24485cea50d1cbac27 -> 
  custom:video-encoder-webm-vp8: eb34c28f22e8b96e1ab97ce403110664 -> 
  custom:video-decoder-webm-vp8: 9c59270c3fd7afecdb556c50c9e8de78 -> 
  custom:audio-decoder-ogg-vorbis: bf7c407c2cedff20999df2af8eb42d56 -> 
  custom:audio-encoder-webm-vorbis: bf7c407c2cedff20999df2af8eb42d56 -> 
========================================================================
Received Import Request.
  Time since last request: 2371.165563 seconds.
  path: Assets/Prefabs/Ghost.prefab
  artifactKey: Guid(d9490224efa56ae4c8e3fb0e9b04a6d0) Importer(815301076,1909f56bfc062723c751e8b465ee728b)
Start importing Assets/Prefabs/Ghost.prefab using Guid(d9490224efa56ae4c8e3fb0e9b04a6d0) Importer(815301076,1909f56bfc062723c751e8b465ee728b)  -> (artifact id: 'd6dd5b48169f58636ff51641a601259d') in 0.374421 seconds 
========================================================================
Received Prepare
Registering precompiled user dll's ...
Registered in 0.018005 seconds.
Begin MonoManager ReloadAssembly
Symbol file LoadedFromMemory doesn't match image C:\Users\luise\Project Boost\Library\PackageCache\com.unity.visualscripting@1.6.1\Editor\VisualScripting.Core\Dependencies\YamlDotNet\Unity.VisualScripting.YamlDotNet.dll
Symbol file LoadedFromMemory doesn't match image C:\Users\luise\Project Boost\Library\PackageCache\com.unity.visualscripting@1.6.1\Editor\VisualScripting.Core\Dependencies\DotNetZip\Unity.VisualScripting.IonicZip.dll
Native extension for WindowsStandalone target not found
Native extension for WebGL target not found
Refreshing native plugins compatible for Editor in 1.68 ms, found 3 plugins.
Preloading 0 native plugins for Editor in 0.00 ms.
Mono: successfully reloaded assembly
- Completed reload, in  3.018 seconds
Domain Reload Profiling:
	ReloadAssembly (3019ms)
		BeginReloadAssembly (348ms)
			ExecutionOrderSort (0ms)
			DisableScriptedObjects (14ms)
			BackupInstance (0ms)
			ReleaseScriptingObjects (0ms)
			CreateAndSetChildDomain (99ms)
		EndReloadAssembly (2460ms)
			LoadAssemblies (305ms)
			RebuildTransferFunctionScriptingTraits (0ms)
			SetupTypeCache (882ms)
			ReleaseScriptCaches (2ms)
			RebuildScriptCaches (110ms)
			SetupLoadedEditorAssemblies (890ms)
				LogAssemblyErrors (0ms)
				InitializePlatformSupportModulesInManaged (19ms)
				SetLoadedEditorAssemblies (1ms)
				RefreshPlugins (2ms)
				BeforeProcessingInitializeOnLoad (151ms)
				ProcessInitializeOnLoadAttributes (672ms)
				ProcessInitializeOnLoadMethodAttributes (14ms)
				AfterProcessingInitializeOnLoad (29ms)
				EditorAssembliesLoaded (2ms)
			ExecutionOrderSort2 (0ms)
			AwakeInstancesAfterBackupRestoration (20ms)
Platform modules already initialized, skipping
Refreshing native plugins compatible for Editor in 1.85 ms, found 3 plugins.
Preloading 0 native plugins for Editor in 0.00 ms.
Unloading 2952 Unused Serialized files (Serialized files now loaded: 0)
System memory in use before: 115.2 MB.
System memory in use after: 115.4 MB.

Unloading 18 unused Assets to reduce memory usage. Loaded Objects now: 3490.
Total: 5.655700 ms (FindLiveObjects: 0.648000 ms CreateObjectMapping: 0.351100 ms MarkObjects: 4.526500 ms  DeleteObjects: 0.126700 ms)

AssetImportParameters requested are different than current active one (requested -> active):
  custom:framework-win-MediaFoundation: 216162199b28c13a410421893ffa2e32 -> 
  custom:video-decoder-ogg-theora: a1e56fd34408186e4bbccfd4996cb3dc -> 
  custom:container-muxer-webm: aa71ff27fc2769a1b78a27578f13a17b -> 
  custom:container-demuxer-webm: 4f35f7cbe854078d1ac9338744f61a02 -> 
  custom:container-demuxer-ogg: 62fdf1f143b41e24485cea50d1cbac27 -> 
  custom:video-encoder-webm-vp8: eb34c28f22e8b96e1ab97ce403110664 -> 
  custom:video-decoder-webm-vp8: 9c59270c3fd7afecdb556c50c9e8de78 -> 
  custom:audio-decoder-ogg-vorbis: bf7c407c2cedff20999df2af8eb42d56 -> 
  custom:audio-encoder-webm-vorbis: bf7c407c2cedff20999df2af8eb42d56 -> 
========================================================================
Received Import Request.
  Time since last request: 642.228867 seconds.
  path: Assets/Scenes/Template 1.unity
  artifactKey: Guid(7af81f08a2ff6bb46b924b33319b209d) Importer(815301076,1909f56bfc062723c751e8b465ee728b)
Start importing Assets/Scenes/Template 1.unity using Guid(7af81f08a2ff6bb46b924b33319b209d) Importer(815301076,1909f56bfc062723c751e8b465ee728b)  -> (artifact id: '0bb221b5b42e51d3dad788a61aedda29') in 0.074095 seconds 
========================================================================
Received Prepare
Registering precompiled user dll's ...
Registered in 0.018464 seconds.
Begin MonoManager ReloadAssembly
Symbol file LoadedFromMemory doesn't match image C:\Users\luise\Project Boost\Library\PackageCache\com.unity.visualscripting@1.6.1\Editor\VisualScripting.Core\Dependencies\YamlDotNet\Unity.VisualScripting.YamlDotNet.dll
Symbol file LoadedFromMemory doesn't match image C:\Users\luise\Project Boost\Library\PackageCache\com.unity.visualscripting@1.6.1\Editor\VisualScripting.Core\Dependencies\DotNetZip\Unity.VisualScripting.IonicZip.dll
Native extension for WindowsStandalone target not found
Native extension for WebGL target not found
Refreshing native plugins compatible for Editor in 1.65 ms, found 3 plugins.
Preloading 0 native plugins for Editor in 0.00 ms.
Mono: successfully reloaded assembly
- Completed reload, in  2.755 seconds
Domain Reload Profiling:
	ReloadAssembly (2756ms)
		BeginReloadAssembly (301ms)
			ExecutionOrderSort (0ms)
			DisableScriptedObjects (11ms)
			BackupInstance (0ms)
			ReleaseScriptingObjects (0ms)
			CreateAndSetChildDomain (91ms)
		EndReloadAssembly (2272ms)
			LoadAssemblies (288ms)
			RebuildTransferFunctionScriptingTraits (0ms)
			SetupTypeCache (871ms)
			ReleaseScriptCaches (3ms)
			RebuildScriptCaches (98ms)
			SetupLoadedEditorAssemblies (783ms)
				LogAssemblyErrors (0ms)
				InitializePlatformSupportModulesInManaged (18ms)
				SetLoadedEditorAssemblies (1ms)
				RefreshPlugins (2ms)
				BeforeProcessingInitializeOnLoad (145ms)
				ProcessInitializeOnLoadAttributes (585ms)
				ProcessInitializeOnLoadMethodAttributes (9ms)
				AfterProcessingInitializeOnLoad (22ms)
				EditorAssembliesLoaded (1ms)
			ExecutionOrderSort2 (0ms)
			AwakeInstancesAfterBackupRestoration (18ms)
Platform modules already initialized, skipping
Refreshing native plugins compatible for Editor in 1.55 ms, found 3 plugins.
Preloading 0 native plugins for Editor in 0.00 ms.
Unloading 2952 Unused Serialized files (Serialized files now loaded: 0)
System memory in use before: 115.2 MB.
System memory in use after: 115.4 MB.

Unloading 18 unused Assets to reduce memory usage. Loaded Objects now: 3493.
Total: 6.730200 ms (FindLiveObjects: 0.590400 ms CreateObjectMapping: 0.286300 ms MarkObjects: 4.944700 ms  DeleteObjects: 0.904600 ms)

AssetImportParameters requested are different than current active one (requested -> active):
  custom:framework-win-MediaFoundation: 216162199b28c13a410421893ffa2e32 -> 
  custom:video-decoder-ogg-theora: a1e56fd34408186e4bbccfd4996cb3dc -> 
  custom:container-muxer-webm: aa71ff27fc2769a1b78a27578f13a17b -> 
  custom:container-demuxer-webm: 4f35f7cbe854078d1ac9338744f61a02 -> 
  custom:container-demuxer-ogg: 62fdf1f143b41e24485cea50d1cbac27 -> 
  custom:video-encoder-webm-vp8: eb34c28f22e8b96e1ab97ce403110664 -> 
  custom:video-decoder-webm-vp8: 9c59270c3fd7afecdb556c50c9e8de78 -> 
  custom:audio-decoder-ogg-vorbis: bf7c407c2cedff20999df2af8eb42d56 -> 
  custom:audio-encoder-webm-vorbis: bf7c407c2cedff20999df2af8eb42d56 -> 
========================================================================
Received Import Request.
  Time since last request: 15.673270 seconds.
  path: Assets/Scenes/forest_1.unity
  artifactKey: Guid(7af81f08a2ff6bb46b924b33319b209d) Importer(815301076,1909f56bfc062723c751e8b465ee728b)
Start importing Assets/Scenes/forest_1.unity using Guid(7af81f08a2ff6bb46b924b33319b209d) Importer(815301076,1909f56bfc062723c751e8b465ee728b)  -> (artifact id: 'f3e52ec0908fa60567ad2d0f925f94e3') in 0.083068 seconds 
========================================================================
Received Import Request.
  Time since last request: 903.367002 seconds.
  path: Assets/Scenes/Template 1.unity
  artifactKey: Guid(63057c4bd49771f429b5e9d1e6dd027f) Importer(815301076,1909f56bfc062723c751e8b465ee728b)
Start importing Assets/Scenes/Template 1.unity using Guid(63057c4bd49771f429b5e9d1e6dd027f) Importer(815301076,1909f56bfc062723c751e8b465ee728b)  -> (artifact id: 'c83f123001b9ad0838502a6f7c8d0b30') in 0.033779 seconds 
========================================================================
Received Import Request.
  Time since last request: 782.715100 seconds.
  path: Assets/Materials/Obstacle_glow 1.mat
  artifactKey: Guid(85aba88b1da9cc84ea0521d65dbe3488) Importer(815301076,1909f56bfc062723c751e8b465ee728b)
Start importing Assets/Materials/Obstacle_glow 1.mat using Guid(85aba88b1da9cc84ea0521d65dbe3488) Importer(815301076,1909f56bfc062723c751e8b465ee728b)  -> (artifact id: 'f5a52bc20c4dce514c5a7a51fae15c9c') in 0.185418 seconds 
========================================================================
Received Import Request.
  Time since last request: 13.460081 seconds.
  path: Assets/Materials/Ground_cemetery.mat
  artifactKey: Guid(bba96c50c5f2f1e40859dffb0e01c376) Importer(815301076,1909f56bfc062723c751e8b465ee728b)
Start importing Assets/Materials/Ground_cemetery.mat using Guid(bba96c50c5f2f1e40859dffb0e01c376) Importer(815301076,1909f56bfc062723c751e8b465ee728b)  -> (artifact id: '440ffab966121f25ed25457a702c7d02') in 0.060026 seconds 
========================================================================
Received Import Request.
  Time since last request: 49.045443 seconds.
  path: Assets/Materials/Ground_cemetery.mat
  artifactKey: Guid(bba96c50c5f2f1e40859dffb0e01c376) Importer(815301076,1909f56bfc062723c751e8b465ee728b)
Start importing Assets/Materials/Ground_cemetery.mat using Guid(bba96c50c5f2f1e40859dffb0e01c376) Importer(815301076,1909f56bfc062723c751e8b465ee728b)  -> (artifact id: '141c55d533ebdef611739c7cccbfaf70') in 0.057495 seconds 
========================================================================
Received Import Request.
  Time since last request: 7.273068 seconds.
  path: Assets/Scenes/forest_1.unity
  artifactKey: Guid(7af81f08a2ff6bb46b924b33319b209d) Importer(815301076,1909f56bfc062723c751e8b465ee728b)
Start importing Assets/Scenes/forest_1.unity using Guid(7af81f08a2ff6bb46b924b33319b209d) Importer(815301076,1909f56bfc062723c751e8b465ee728b)  -> (artifact id: '9a2150d93bccda7fabb2f31147123d67') in 0.023972 seconds 
========================================================================
Received Import Request.
  Time since last request: 158.418836 seconds.
  path: Assets/Prefabs/Ghost.prefab
  artifactKey: Guid(d9490224efa56ae4c8e3fb0e9b04a6d0) Importer(815301076,1909f56bfc062723c751e8b465ee728b)
Start importing Assets/Prefabs/Ghost.prefab using Guid(d9490224efa56ae4c8e3fb0e9b04a6d0) Importer(815301076,1909f56bfc062723c751e8b465ee728b)  -> (artifact id: '10ec62572e54453bcc9cdd5bb35b527a') in 0.093395 seconds 
========================================================================
Received Import Request.
  Time since last request: 3.385842 seconds.
  path: Assets/Prefabs/Tree.prefab
  artifactKey: Guid(b3d7a27198ead014aae7cf961ea1809c) Importer(815301076,1909f56bfc062723c751e8b465ee728b)
Start importing Assets/Prefabs/Tree.prefab using Guid(b3d7a27198ead014aae7cf961ea1809c) Importer(815301076,1909f56bfc062723c751e8b465ee728b)  -> (artifact id: 'c22d08382cbb1adb6e1f2169a5d62e19') in 0.078810 seconds 
========================================================================
Received Import Request.
  Time since last request: 20.301983 seconds.
  path: Assets/Scenes/Template 1.unity
  artifactKey: Guid(63057c4bd49771f429b5e9d1e6dd027f) Importer(815301076,1909f56bfc062723c751e8b465ee728b)
Start importing Assets/Scenes/Template 1.unity using Guid(63057c4bd49771f429b5e9d1e6dd027f) Importer(815301076,1909f56bfc062723c751e8b465ee728b)  -> (artifact id: 'b6af698bd864be2df3516fd062689ee7') in 0.033425 seconds 
========================================================================
Received Import Request.
  Time since last request: 1893.293262 seconds.
  path: Assets/Materials/obstacle_tombstone.mat
  artifactKey: Guid(371e48863a3802345a2f3dde29c35fba) Importer(815301076,1909f56bfc062723c751e8b465ee728b)
Start importing Assets/Materials/obstacle_tombstone.mat using Guid(371e48863a3802345a2f3dde29c35fba) Importer(815301076,1909f56bfc062723c751e8b465ee728b)  -> (artifact id: '2e85a3b4d058ab7bb03ffb91d7daabe2') in 0.110384 seconds 
========================================================================
Received Import Request.
  Time since last request: 44.896601 seconds.
  path: Assets/Materials/obstacle_tombstone.mat
  artifactKey: Guid(371e48863a3802345a2f3dde29c35fba) Importer(815301076,1909f56bfc062723c751e8b465ee728b)
Start importing Assets/Materials/obstacle_tombstone.mat using Guid(371e48863a3802345a2f3dde29c35fba) Importer(815301076,1909f56bfc062723c751e8b465ee728b)  -> (artifact id: '3b3be288366ae18aa0a16aab0869b166') in 0.061853 seconds 
========================================================================
Received Import Request.
  Time since last request: 5.425106 seconds.
  path: Assets/Scenes/Template 1.unity
  artifactKey: Guid(63057c4bd49771f429b5e9d1e6dd027f) Importer(815301076,1909f56bfc062723c751e8b465ee728b)
Start importing Assets/Scenes/Template 1.unity using Guid(63057c4bd49771f429b5e9d1e6dd027f) Importer(815301076,1909f56bfc062723c751e8b465ee728b)  -> (artifact id: 'b723a082fe47b9107388c9fd5e8e4e7a') in 0.036461 seconds 
========================================================================
Received Import Request.
  Time since last request: 7.528289 seconds.
  path: Assets/Scenes/graveyard_1.unity
  artifactKey: Guid(63057c4bd49771f429b5e9d1e6dd027f) Importer(815301076,1909f56bfc062723c751e8b465ee728b)
Start importing Assets/Scenes/graveyard_1.unity using Guid(63057c4bd49771f429b5e9d1e6dd027f) Importer(815301076,1909f56bfc062723c751e8b465ee728b)  -> (artifact id: 'a2202c960ccaddfad25bc019cbd86113') in 0.033966 seconds 
========================================================================
Received Prepare
Registering precompiled user dll's ...
Registered in 0.384512 seconds.
Begin MonoManager ReloadAssembly
Symbol file LoadedFromMemory doesn't match image C:\Users\luise\Project Boost\Library\PackageCache\com.unity.visualscripting@1.6.1\Editor\VisualScripting.Core\Dependencies\YamlDotNet\Unity.VisualScripting.YamlDotNet.dll
Symbol file LoadedFromMemory doesn't match image C:\Users\luise\Project Boost\Library\PackageCache\com.unity.visualscripting@1.6.1\Editor\VisualScripting.Core\Dependencies\DotNetZip\Unity.VisualScripting.IonicZip.dll
Native extension for WindowsStandalone target not found
Native extension for WebGL target not found
Refreshing native plugins compatible for Editor in 1.30 ms, found 3 plugins.
Preloading 0 native plugins for Editor in 0.00 ms.
Mono: successfully reloaded assembly
- Completed reload, in  3.302 seconds
Domain Reload Profiling:
	ReloadAssembly (3303ms)
		BeginReloadAssembly (426ms)
			ExecutionOrderSort (0ms)
			DisableScriptedObjects (19ms)
			BackupInstance (0ms)
			ReleaseScriptingObjects (0ms)
			CreateAndSetChildDomain (195ms)
		EndReloadAssembly (2708ms)
			LoadAssemblies (297ms)
			RebuildTransferFunctionScriptingTraits (0ms)
			SetupTypeCache (953ms)
			ReleaseScriptCaches (3ms)
			RebuildScriptCaches (112ms)
			SetupLoadedEditorAssemblies (1097ms)
				LogAssemblyErrors (0ms)
				InitializePlatformSupportModulesInManaged (15ms)
				SetLoadedEditorAssemblies (1ms)
				RefreshPlugins (1ms)
				BeforeProcessingInitializeOnLoad (141ms)
				ProcessInitializeOnLoadAttributes (899ms)
				ProcessInitializeOnLoadMethodAttributes (11ms)
				AfterProcessingInitializeOnLoad (28ms)
				EditorAssembliesLoaded (1ms)
			ExecutionOrderSort2 (0ms)
			AwakeInstancesAfterBackupRestoration (22ms)
Platform modules already initialized, skipping
Refreshing native plugins compatible for Editor in 2.33 ms, found 3 plugins.
Preloading 0 native plugins for Editor in 0.00 ms.
Unloading 2952 Unused Serialized files (Serialized files now loaded: 0)
System memory in use before: 115.3 MB.
System memory in use after: 115.5 MB.

Unloading 18 unused Assets to reduce memory usage. Loaded Objects now: 3497.
Total: 6.977400 ms (FindLiveObjects: 0.674000 ms CreateObjectMapping: 0.371500 ms MarkObjects: 5.786600 ms  DeleteObjects: 0.133200 ms)

AssetImportParameters requested are different than current active one (requested -> active):
  custom:framework-win-MediaFoundation: 216162199b28c13a410421893ffa2e32 -> 
  custom:video-decoder-ogg-theora: a1e56fd34408186e4bbccfd4996cb3dc -> 
  custom:container-muxer-webm: aa71ff27fc2769a1b78a27578f13a17b -> 
  custom:container-demuxer-webm: 4f35f7cbe854078d1ac9338744f61a02 -> 
  custom:container-demuxer-ogg: 62fdf1f143b41e24485cea50d1cbac27 -> 
  custom:video-encoder-webm-vp8: eb34c28f22e8b96e1ab97ce403110664 -> 
  custom:video-decoder-webm-vp8: 9c59270c3fd7afecdb556c50c9e8de78 -> 
  custom:audio-decoder-ogg-vorbis: bf7c407c2cedff20999df2af8eb42d56 -> 
  custom:audio-encoder-webm-vorbis: bf7c407c2cedff20999df2af8eb42d56 -> 
========================================================================
Received Import Request.
  Time since last request: 4872.950530 seconds.
  path: Assets/Scenes/fly_gap.unity
  artifactKey: Guid(d7d84c64b9d54fd45a14d1b6bbfd6d9c) Importer(815301076,1909f56bfc062723c751e8b465ee728b)
Start importing Assets/Scenes/fly_gap.unity using Guid(d7d84c64b9d54fd45a14d1b6bbfd6d9c) Importer(815301076,1909f56bfc062723c751e8b465ee728b)  -> (artifact id: '97caef3393dd4b7dac07a85285f84e6a') in 0.097022 seconds 
========================================================================
Received Import Request.
  Time since last request: 48.252991 seconds.
  path: Assets/Scenes/fly_under.unity
  artifactKey: Guid(216374408858d7943bce53994e1d7f53) Importer(815301076,1909f56bfc062723c751e8b465ee728b)
Start importing Assets/Scenes/fly_under.unity using Guid(216374408858d7943bce53994e1d7f53) Importer(815301076,1909f56bfc062723c751e8b465ee728b)  -> (artifact id: 'a17ef5b377f8ca06e734ce8137ea4e4d') in 0.029615 seconds 
========================================================================
Received Import Request.
  Time since last request: 26.535987 seconds.
  path: Assets/Scenes/forest_1.unity
  artifactKey: Guid(7af81f08a2ff6bb46b924b33319b209d) Importer(815301076,1909f56bfc062723c751e8b465ee728b)
Start importing Assets/Scenes/forest_1.unity using Guid(7af81f08a2ff6bb46b924b33319b209d) Importer(815301076,1909f56bfc062723c751e8b465ee728b)  -> (artifact id: 'ffb3f2f0f0b705f9e09f7801ca1c7ac4') in 0.025672 seconds 
========================================================================
Received Import Request.
  Time since last request: 20.296269 seconds.
  path: Assets/Scenes/graveyard_1.unity
  artifactKey: Guid(63057c4bd49771f429b5e9d1e6dd027f) Importer(815301076,1909f56bfc062723c751e8b465ee728b)
Start importing Assets/Scenes/graveyard_1.unity using Guid(63057c4bd49771f429b5e9d1e6dd027f) Importer(815301076,1909f56bfc062723c751e8b465ee728b)  -> (artifact id: '810ac3295deda735644ff21b09be94f6') in 0.027660 seconds 
========================================================================
Received Import Request.
  Time since last request: 31.331537 seconds.
  path: Assets/Scripts/DebugTools.cs
  artifactKey: Guid(5391a9fe0115e1b4eb8c4f4abc4ad975) Importer(815301076,1909f56bfc062723c751e8b465ee728b)
Start importing Assets/Scripts/DebugTools.cs using Guid(5391a9fe0115e1b4eb8c4f4abc4ad975) Importer(815301076,1909f56bfc062723c751e8b465ee728b)  -> (artifact id: 'b51817e1262505a05c02ea2cfdcdb241') in 0.026656 seconds 
========================================================================
Received Import Request.
  Time since last request: 50.691997 seconds.
  path: Assets/Scripts/DebugTools.cs
  artifactKey: Guid(5391a9fe0115e1b4eb8c4f4abc4ad975) Importer(815301076,1909f56bfc062723c751e8b465ee728b)
Start importing Assets/Scripts/DebugTools.cs using Guid(5391a9fe0115e1b4eb8c4f4abc4ad975) Importer(815301076,1909f56bfc062723c751e8b465ee728b)  -> (artifact id: '9065a1e2a107593a682d8a683b497ae9') in 0.017951 seconds 
========================================================================
Received Prepare
Registering precompiled user dll's ...
Registered in 0.021480 seconds.
Begin MonoManager ReloadAssembly
Symbol file LoadedFromMemory doesn't match image C:\Users\luise\Project Boost\Library\PackageCache\com.unity.visualscripting@1.6.1\Editor\VisualScripting.Core\Dependencies\YamlDotNet\Unity.VisualScripting.YamlDotNet.dll
Symbol file LoadedFromMemory doesn't match image C:\Users\luise\Project Boost\Library\PackageCache\com.unity.visualscripting@1.6.1\Editor\VisualScripting.Core\Dependencies\DotNetZip\Unity.VisualScripting.IonicZip.dll
Native extension for WindowsStandalone target not found
Native extension for WebGL target not found
Refreshing native plugins compatible for Editor in 1.83 ms, found 3 plugins.
Preloading 0 native plugins for Editor in 0.00 ms.
Mono: successfully reloaded assembly
- Completed reload, in  3.564 seconds
Domain Reload Profiling:
	ReloadAssembly (3566ms)
		BeginReloadAssembly (467ms)
			ExecutionOrderSort (0ms)
			DisableScriptedObjects (29ms)
			BackupInstance (0ms)
			ReleaseScriptingObjects (0ms)
			CreateAndSetChildDomain (157ms)
		EndReloadAssembly (2896ms)
			LoadAssemblies (359ms)
			RebuildTransferFunctionScriptingTraits (0ms)
			SetupTypeCache (988ms)
			ReleaseScriptCaches (2ms)
			RebuildScriptCaches (135ms)
			SetupLoadedEditorAssemblies (1109ms)
				LogAssemblyErrors (0ms)
				InitializePlatformSupportModulesInManaged (18ms)
				SetLoadedEditorAssemblies (2ms)
				RefreshPlugins (2ms)
				BeforeProcessingInitializeOnLoad (154ms)
				ProcessInitializeOnLoadAttributes (786ms)
				ProcessInitializeOnLoadMethodAttributes (27ms)
				AfterProcessingInitializeOnLoad (119ms)
				EditorAssembliesLoaded (1ms)
			ExecutionOrderSort2 (0ms)
			AwakeInstancesAfterBackupRestoration (47ms)
Platform modules already initialized, skipping
Refreshing native plugins compatible for Editor in 1.37 ms, found 3 plugins.
Preloading 0 native plugins for Editor in 0.00 ms.
Unloading 2952 Unused Serialized files (Serialized files now loaded: 0)
System memory in use before: 115.3 MB.
System memory in use after: 115.5 MB.

Unloading 18 unused Assets to reduce memory usage. Loaded Objects now: 3500.
Total: 8.258900 ms (FindLiveObjects: 0.846500 ms CreateObjectMapping: 0.413700 ms MarkObjects: 6.654400 ms  DeleteObjects: 0.339500 ms)

AssetImportParameters requested are different than current active one (requested -> active):
  custom:framework-win-MediaFoundation: 216162199b28c13a410421893ffa2e32 -> 
  custom:video-decoder-ogg-theora: a1e56fd34408186e4bbccfd4996cb3dc -> 
  custom:container-muxer-webm: aa71ff27fc2769a1b78a27578f13a17b -> 
  custom:container-demuxer-webm: 4f35f7cbe854078d1ac9338744f61a02 -> 
  custom:container-demuxer-ogg: 62fdf1f143b41e24485cea50d1cbac27 -> 
  custom:video-encoder-webm-vp8: eb34c28f22e8b96e1ab97ce403110664 -> 
  custom:video-decoder-webm-vp8: 9c59270c3fd7afecdb556c50c9e8de78 -> 
  custom:audio-decoder-ogg-vorbis: bf7c407c2cedff20999df2af8eb42d56 -> 
  custom:audio-encoder-webm-vorbis: bf7c407c2cedff20999df2af8eb42d56 -> 
========================================================================
Received Prepare
Refreshing native plugins compatible for Editor in 38.58 ms, found 3 plugins.
Preloading 0 native plugins for Editor in 0.00 ms.
Unloading 16 Unused Serialized files (Serialized files now loaded: 0)
System memory in use before: 57.2 MB.
System memory in use after: 57.4 MB.

Unloading 16 unused Assets to reduce memory usage. Loaded Objects now: 3500.
Total: 21.476900 ms (FindLiveObjects: 0.781900 ms CreateObjectMapping: 0.540000 ms MarkObjects: 19.931300 ms  DeleteObjects: 0.216400 ms)

AssetImportParameters requested are different than current active one (requested -> active):
  custom:framework-win-MediaFoundation: 216162199b28c13a410421893ffa2e32 -> 
  custom:video-decoder-ogg-theora: a1e56fd34408186e4bbccfd4996cb3dc -> 
  custom:container-muxer-webm: aa71ff27fc2769a1b78a27578f13a17b -> 
  custom:container-demuxer-webm: 4f35f7cbe854078d1ac9338744f61a02 -> 
  custom:container-demuxer-ogg: 62fdf1f143b41e24485cea50d1cbac27 -> 
  custom:video-encoder-webm-vp8: eb34c28f22e8b96e1ab97ce403110664 -> 
  custom:video-decoder-webm-vp8: 9c59270c3fd7afecdb556c50c9e8de78 -> 
  custom:audio-decoder-ogg-vorbis: bf7c407c2cedff20999df2af8eb42d56 -> 
  custom:audio-encoder-webm-vorbis: bf7c407c2cedff20999df2af8eb42d56 -> 
========================================================================
Received Prepare
Registering precompiled user dll's ...
Registered in 0.087136 seconds.
Begin MonoManager ReloadAssembly
Symbol file LoadedFromMemory doesn't match image C:\Users\luise\Project Boost\Library\PackageCache\com.unity.visualscripting@1.6.1\Editor\VisualScripting.Core\Dependencies\YamlDotNet\Unity.VisualScripting.YamlDotNet.dll
Symbol file LoadedFromMemory doesn't match image C:\Users\luise\Project Boost\Library\PackageCache\com.unity.visualscripting@1.6.1\Editor\VisualScripting.Core\Dependencies\DotNetZip\Unity.VisualScripting.IonicZip.dll
Native extension for WindowsStandalone target not found
Native extension for WebGL target not found
Refreshing native plugins compatible for Editor in 4.23 ms, found 3 plugins.
Preloading 0 native plugins for Editor in 0.00 ms.
Mono: successfully reloaded assembly
- Completed reload, in  8.334 seconds
Domain Reload Profiling:
	ReloadAssembly (8335ms)
		BeginReloadAssembly (796ms)
			ExecutionOrderSort (0ms)
			DisableScriptedObjects (23ms)
			BackupInstance (0ms)
			ReleaseScriptingObjects (0ms)
			CreateAndSetChildDomain (423ms)
		EndReloadAssembly (7235ms)
			LoadAssemblies (485ms)
			RebuildTransferFunctionScriptingTraits (0ms)
			SetupTypeCache (1802ms)
			ReleaseScriptCaches (3ms)
			RebuildScriptCaches (150ms)
			SetupLoadedEditorAssemblies (1241ms)
				LogAssemblyErrors (0ms)
				InitializePlatformSupportModulesInManaged (84ms)
				SetLoadedEditorAssemblies (1ms)
				RefreshPlugins (5ms)
				BeforeProcessingInitializeOnLoad (202ms)
				ProcessInitializeOnLoadAttributes (898ms)
				ProcessInitializeOnLoadMethodAttributes (13ms)
				AfterProcessingInitializeOnLoad (38ms)
				EditorAssembliesLoaded (1ms)
			ExecutionOrderSort2 (0ms)
			AwakeInstancesAfterBackupRestoration (2637ms)
Platform modules already initialized, skipping
Refreshing native plugins compatible for Editor in 1.71 ms, found 3 plugins.
Preloading 0 native plugins for Editor in 0.00 ms.
Unloading 2952 Unused Serialized files (Serialized files now loaded: 0)
System memory in use before: 115.5 MB.
System memory in use after: 115.7 MB.

Unloading 18 unused Assets to reduce memory usage. Loaded Objects now: 3503.
Total: 6.059800 ms (FindLiveObjects: 0.764300 ms CreateObjectMapping: 0.401800 ms MarkObjects: 4.754800 ms  DeleteObjects: 0.135400 ms)

AssetImportParameters requested are different than current active one (requested -> active):
  custom:framework-win-MediaFoundation: 216162199b28c13a410421893ffa2e32 -> 
  custom:video-decoder-ogg-theora: a1e56fd34408186e4bbccfd4996cb3dc -> 
  custom:container-muxer-webm: aa71ff27fc2769a1b78a27578f13a17b -> 
  custom:container-demuxer-webm: 4f35f7cbe854078d1ac9338744f61a02 -> 
  custom:container-demuxer-ogg: 62fdf1f143b41e24485cea50d1cbac27 -> 
  custom:video-encoder-webm-vp8: eb34c28f22e8b96e1ab97ce403110664 -> 
  custom:video-decoder-webm-vp8: 9c59270c3fd7afecdb556c50c9e8de78 -> 
  custom:audio-decoder-ogg-vorbis: bf7c407c2cedff20999df2af8eb42d56 -> 
  custom:audio-encoder-webm-vorbis: bf7c407c2cedff20999df2af8eb42d56 -> 
========================================================================
Received Prepare
Refreshing native plugins compatible for Editor in 44.49 ms, found 3 plugins.
Preloading 0 native plugins for Editor in 0.00 ms.
Unloading 16 Unused Serialized files (Serialized files now loaded: 0)
System memory in use before: 57.3 MB.
System memory in use after: 57.5 MB.

Unloading 16 unused Assets to reduce memory usage. Loaded Objects now: 3503.
Total: 9.397500 ms (FindLiveObjects: 2.434700 ms CreateObjectMapping: 0.639900 ms MarkObjects: 6.174100 ms  DeleteObjects: 0.144900 ms)

AssetImportParameters requested are different than current active one (requested -> active):
  custom:framework-win-MediaFoundation: 216162199b28c13a410421893ffa2e32 -> 
  custom:video-decoder-ogg-theora: a1e56fd34408186e4bbccfd4996cb3dc -> 
  custom:container-muxer-webm: aa71ff27fc2769a1b78a27578f13a17b -> 
  custom:container-demuxer-webm: 4f35f7cbe854078d1ac9338744f61a02 -> 
  custom:container-demuxer-ogg: 62fdf1f143b41e24485cea50d1cbac27 -> 
  custom:video-encoder-webm-vp8: eb34c28f22e8b96e1ab97ce403110664 -> 
  custom:video-decoder-webm-vp8: 9c59270c3fd7afecdb556c50c9e8de78 -> 
  custom:audio-decoder-ogg-vorbis: bf7c407c2cedff20999df2af8eb42d56 -> 
  custom:audio-encoder-webm-vorbis: bf7c407c2cedff20999df2af8eb42d56 -> 
